#
# A fatal error has been detected by the Java Runtime Environment:
#
#  SIGSEGV (0xb) at pc=0x00007f8e64dbce8b, pid=5978, tid=6008
#
# JRE version: OpenJDK Runtime Environment (11.0.11+9) (build 11.0.11+9-Ubuntu-0ubuntu2.20.04)
# Java VM: OpenJDK 64-Bit Server VM (11.0.11+9-Ubuntu-0ubuntu2.20.04, mixed mode, tiered, compressed oops, g1 gc, linux-amd64)
# Problematic frame:
# V  [libjvm.so+0xb8ee8b]
#
# Core dump will be written. Default location: Core dumps may be processed with "/usr/share/apport/apport %p %s %c %d %P %E" (or dumping to /home/olimiloolimilo/CODING/SEPT/SEPT_MAJ/group_project/core.5978)
#
# If you would like to submit a bug report, please visit:
#   https://bugs.launchpad.net/ubuntu/+source/openjdk-lts
#

---------------  S U M M A R Y ------------

Command Line: -Dclassworlds.conf=/usr/share/maven/bin/m2.conf -Dmaven.home=/usr/share/maven -Dlibrary.jansi.path=/usr/share/maven/lib/jansi-native -Dmaven.multiModuleProjectDirectory=/home/olimiloolimilo/CODING/SEPT/SEPT_MAJ/group_project org.codehaus.plexus.classworlds.launcher.Launcher jetty:run

Host: AMD Ryzen 3 3250U with Radeon Graphics, 4 cores, 3G, Ubuntu 20.04.2 LTS
Time: Mon Sep 13 12:22:45 2021 +07 elapsed time: 43066.651489 seconds (0d 11h 57m 46s)

---------------  T H R E A D  ---------------

Current thread (0x00007f8e5c087000):  ConcurrentGCThread "G1 Young RemSet Sampling" [stack: 0x00007f8e60ed0000,0x00007f8e60fd0000] [id=6008]

Stack: [0x00007f8e60ed0000,0x00007f8e60fd0000],  sp=0x00007f8e60fced08,  free space=1019k
Native frames: (J=compiled Java code, A=aot compiled Java code, j=interpreted, Vv=VM code, C=native code)
V  [libjvm.so+0xb8ee8b]
V  [libjvm.so+0x7a2538]
V  [libjvm.so+0x749b67]
V  [libjvm.so+0x7a2269]
V  [libjvm.so+0x62d95a]
V  [libjvm.so+0xe1d690]
V  [libjvm.so+0xbdac76]


siginfo: si_signo: 11 (SIGSEGV), si_code: 1 (SEGV_MAPERR), si_addr: 0x0000000000000018

Register to memory mapping:

RAX=0x0 is NULL
RBX=0x0000000000000018 is an unknown value
RCX=0x0 is NULL
RDX=0x0000000000000001 is an unknown value
RSP=0x00007f8e60fced08 points into unknown readable memory: 0x00007f8e64dbd81c | 1c d8 db 64 8e 7f 00 00
RBP=0x00007f8e60fced20 points into unknown readable memory: 0x00007f8e60fced50 | 50 ed fc 60 8e 7f 00 00
RSI=0x00007f8e5c087000 points into unknown readable memory: 0x00007f8e65438840 | 40 88 43 65 8e 7f 00 00
RDI=0x0000000000000018 is an unknown value
R8 =0x0 is NULL
R9 =0x0000000000023079 is an unknown value
R10=0x0 is NULL
R11=0x0000000000000286 is an unknown value
R12=0x00007f8e5c087000 points into unknown readable memory: 0x00007f8e65438840 | 40 88 43 65 8e 7f 00 00
R13=0x0 is NULL
R14=0x0000000000000018 is an unknown value
R15=0x00007f8e5c029b60 points into unknown readable memory: 0x00007f8e65390a18 | 18 0a 39 65 8e 7f 00 00


Registers:
RAX=0x0000000000000000, RBX=0x0000000000000018, RCX=0x0000000000000000, RDX=0x0000000000000001
RSP=0x00007f8e60fced08, RBP=0x00007f8e60fced20, RSI=0x00007f8e5c087000, RDI=0x0000000000000018
R8 =0x0000000000000000, R9 =0x0000000000023079, R10=0x0000000000000000, R11=0x0000000000000286
R12=0x00007f8e5c087000, R13=0x0000000000000000, R14=0x0000000000000018, R15=0x00007f8e5c029b60
RIP=0x00007f8e64dbce8b, EFLAGS=0x0000000000010246, CSGSFS=0x002b000000000033, ERR=0x0000000000000006
  TRAPNO=0x000000000000000e

Top of Stack: (sp=0x00007f8e60fced08)
0x00007f8e60fced08:   00007f8e64dbd81c 00007f8e60fcedb0
0x00007f8e60fced18:   00007f8e2c0a55e0 00007f8e60fced50
0x00007f8e60fced28:   00007f8e649d0538 00007f8e5c024030
0x00007f8e60fced38:   0000000000000015 00007f8e60fcedb0 

Instructions: (pc=0x00007f8e64dbce8b)
0x00007f8e64dbcd8b:   80 00 00 00 00 48 89 d1 48 89 d0 48 83 c9 01 f0
0x00007f8e64dbcd9b:   48 0f b1 0f 48 39 c2 74 0c 48 89 c2 f6 c2 01 74
0x00007f8e64dbcdab:   e4 31 c0 c3 90 b8 01 00 00 00 c3 66 2e 0f 1f 84
0x00007f8e64dbcdbb:   00 00 00 00 00 f3 0f 1e fa ba 01 00 00 00 31 c0
0x00007f8e64dbcdcb:   f0 48 0f b1 17 48 89 c2 48 85 c0 75 1f eb 26 66
0x00007f8e64dbcddb:   0f 1f 44 00 00 48 89 d1 48 89 d0 48 83 c9 01 f0
0x00007f8e64dbcdeb:   48 0f b1 0f 48 39 c2 74 0c 48 89 c2 f6 c2 01 74
0x00007f8e64dbcdfb:   e4 31 c0 c3 90 b8 01 00 00 00 c3 66 2e 0f 1f 84
0x00007f8e64dbce0b:   00 00 00 00 00 f3 0f 1e fa 48 8b 07 3c 01 0f 94
0x00007f8e64dbce1b:   c0 0f b6 c0 c3 f3 0f 1e fa 48 8b 17 eb 1e 0f 1f
0x00007f8e64dbce2b:   80 00 00 00 00 48 89 d1 48 89 d0 48 83 c9 01 f0
0x00007f8e64dbce3b:   48 0f b1 0f 48 39 c2 74 2c 48 89 c2 f6 c2 01 74
0x00007f8e64dbce4b:   e4 48 8d 05 a0 e2 68 00 80 38 00 74 08 e9 13 fd
0x00007f8e64dbce5b:   ff ff 0f 1f 00 48 8d 05 25 bf 6e 00 83 38 01 75
0x00007f8e64dbce6b:   ec 31 c0 c3 90 b8 01 00 00 00 c3 66 2e 0f 1f 84
0x00007f8e64dbce7b:   00 00 00 00 00 f3 0f 1e fa ba 01 00 00 00 31 c0
0x00007f8e64dbce8b:   f0 48 0f b1 17 48 85 c0 0f 84 07 01 00 00 55 48
0x00007f8e64dbce9b:   89 e5 41 56 41 55 49 89 fd 41 54 53 48 89 f3 eb
0x00007f8e64dbceab:   1a 0f 1f 40 00 48 89 c1 48 83 c9 01 f0 49 0f b1
0x00007f8e64dbcebb:   4d 00 48 39 c2 0f 84 ca 00 00 00 48 89 c2 a8 01
0x00007f8e64dbcecb:   74 e3 4c 8b b3 d0 02 00 00 49 8b 55 00 eb 22 66
0x00007f8e64dbcedb:   0f 1f 44 00 00 48 89 d1 48 89 d0 48 83 c9 01 f0
0x00007f8e64dbceeb:   49 0f b1 4d 00 48 39 c2 0f 84 97 00 00 00 48 89
0x00007f8e64dbcefb:   c2 f6 c2 01 74 df 4c 8d 25 eb e1 68 00 41 80 3c
0x00007f8e64dbcf0b:   24 00 75 0c 48 8d 05 76 be 6e 00 83 38 01 74 0f
0x00007f8e64dbcf1b:   48 89 de 4c 89 ef e8 4a fc ff ff 85 c0 75 66 41
0x00007f8e64dbcf2b:   c7 46 20 00 00 00 00 f0 83 04 24 00 4c 89 f6 49
0x00007f8e64dbcf3b:   8b 4d 00 48 83 ce 01 eb 1c 0f 1f 40 00 48 89 ca
0x00007f8e64dbcf4b:   48 89 c8 48 83 ca 01 f0 49 0f b1 55 00 48 39 c1
0x00007f8e64dbcf5b:   74 33 48 89 c1 f6 c1 01 74 e3 48 89 c8 48 83 e0
0x00007f8e64dbcf6b:   fe 49 89 86 a0 00 00 00 48 89 c8 f0 49 0f b1 75
0x00007f8e64dbcf7b:   00 48 39 c1 75 dc eb 2d 0f 1f 44 00 00 49 c7 45 


Stack slot to memory mapping:
stack at sp + 0 slots: 0x00007f8e64dbd81c: <offset 0x0000000000b8f81c> in /usr/lib/jvm/java-11-openjdk-amd64/lib/server/libjvm.so at 0x00007f8e6422e000
stack at sp + 1 slots: 0x00007f8e60fcedb0 points into unknown readable memory: 0x00007f8e65390fa8 | a8 0f 39 65 8e 7f 00 00
stack at sp + 2 slots: 0x00007f8e2c0a55e0 points into unknown readable memory: 0x0000000000000000 | 00 00 00 00 00 00 00 00
stack at sp + 3 slots: 0x00007f8e60fced50 points into unknown readable memory: 0x00007f8e60fced80 | 80 ed fc 60 8e 7f 00 00
stack at sp + 4 slots: 0x00007f8e649d0538: <offset 0x00000000007a2538> in /usr/lib/jvm/java-11-openjdk-amd64/lib/server/libjvm.so at 0x00007f8e6422e000
stack at sp + 5 slots: 0x00007f8e5c024030 points into unknown readable memory: 0x00007f8e5c023b40 | 40 3b 02 5c 8e 7f 00 00
stack at sp + 6 slots: 0x0000000000000015 is an unknown value
stack at sp + 7 slots: 0x00007f8e60fcedb0 points into unknown readable memory: 0x00007f8e65390fa8 | a8 0f 39 65 8e 7f 00 00


---------------  P R O C E S S  ---------------

Threads class SMR info:
_java_thread_list=0x00007f8df8eb11e0, length=18, elements={
0x00007f8e5c016000, 0x00007f8e5c0ee800, 0x00007f8e5c0f3000, 0x00007f8e5c108800,
0x00007f8e5c10a800, 0x00007f8e5c10c800, 0x00007f8e5c10f000, 0x00007f8e5c111000,
0x00007f8e5c1c9000, 0x00007f8df5d0d000, 0x00007f8e5ff01000, 0x00007f8e5ff02800,
0x00007f8e5ff04800, 0x00007f8e5ff06000, 0x00007f8e5ff08000, 0x00007f8e5ff09800,
0x00007f8e5ff0b800, 0x00007f8e5ff0d800
}

Java Threads: ( => current thread )
  0x00007f8e5c016000 JavaThread "main" [_thread_blocked, id=6003, stack(0x00007f8e63de1000,0x00007f8e63ee2000)]
  0x00007f8e5c0ee800 JavaThread "Reference Handler" daemon [_thread_blocked, id=6010, stack(0x00007f8e60385000,0x00007f8e60486000)]
  0x00007f8e5c0f3000 JavaThread "Finalizer" daemon [_thread_blocked, id=6011, stack(0x00007f8e60284000,0x00007f8e60385000)]
  0x00007f8e5c108800 JavaThread "Signal Dispatcher" daemon [_thread_blocked, id=6012, stack(0x00007f8e60183000,0x00007f8e60284000)]
  0x00007f8e5c10a800 JavaThread "Service Thread" daemon [_thread_blocked, id=6013, stack(0x00007f8e60082000,0x00007f8e60183000)]
  0x00007f8e5c10c800 JavaThread "C2 CompilerThread0" daemon [_thread_blocked, id=6014, stack(0x00007f8e44777000,0x00007f8e44878000)]
  0x00007f8e5c10f000 JavaThread "C1 CompilerThread0" daemon [_thread_blocked, id=6015, stack(0x00007f8e44676000,0x00007f8e44777000)]
  0x00007f8e5c111000 JavaThread "Sweeper thread" daemon [_thread_blocked, id=6016, stack(0x00007f8e44575000,0x00007f8e44676000)]
  0x00007f8e5c1c9000 JavaThread "Common-Cleaner" daemon [_thread_blocked, id=6018, stack(0x00007f8e44372000,0x00007f8e44473000)]
  0x00007f8df5d0d000 JavaThread "HashSessionScavenger-0" daemon [_thread_blocked, id=6026, stack(0x00007f8dff2ff000,0x00007f8dff400000)]
  0x00007f8e5ff01000 JavaThread "qtp154487101-16 Selector0" [_thread_in_native, id=6029, stack(0x00007f8dfddfe000,0x00007f8dfdeff000)]
  0x00007f8e5ff02800 JavaThread "qtp154487101-17" [_thread_blocked, id=6030, stack(0x00007f8dfdcfd000,0x00007f8dfddfe000)]
  0x00007f8e5ff04800 JavaThread "qtp154487101-18" [_thread_blocked, id=6031, stack(0x00007f8dfdbfc000,0x00007f8dfdcfd000)]
  0x00007f8e5ff06000 JavaThread "qtp154487101-19" [_thread_blocked, id=6032, stack(0x00007f8dfdafb000,0x00007f8dfdbfc000)]
  0x00007f8e5ff08000 JavaThread "qtp154487101-20" [_thread_blocked, id=6033, stack(0x00007f8dfd9fa000,0x00007f8dfdafb000)]
  0x00007f8e5ff09800 JavaThread "qtp154487101-21" [_thread_blocked, id=6034, stack(0x00007f8dfd8f9000,0x00007f8dfd9fa000)]
  0x00007f8e5ff0b800 JavaThread "qtp154487101-22" [_thread_blocked, id=6035, stack(0x00007f8dfd7f8000,0x00007f8dfd8f9000)]
  0x00007f8e5ff0d800 JavaThread "qtp154487101-23 Acceptor0 SelectChannelConnector@0.0.0.0:8080" [_thread_in_native, id=6036, stack(0x00007f8dfd6f7000,0x00007f8dfd7f8000)]

Other Threads:
  0x00007f8e5c0e6800 VMThread "VM Thread" [stack: 0x00007f8e60488000,0x00007f8e60588000] [id=6009]
  0x00007f8e5c1b9800 WatcherThread [stack: 0x00007f8e44475000,0x00007f8e44575000] [id=6017]
  0x00007f8e5c02e000 GCTaskThread "GC Thread#0" [stack: 0x00007f8e63a9b000,0x00007f8e63b9b000] [id=6004]
  0x00007f8e2c001000 GCTaskThread "GC Thread#1" [stack: 0x00007f8e44072000,0x00007f8e44172000] [id=6019]
  0x00007f8e2c09c000 GCTaskThread "GC Thread#2" [stack: 0x00007f8e3406d000,0x00007f8e3416d000] [id=6025]
  0x00007f8e2c068000 GCTaskThread "GC Thread#3" [stack: 0x00007f8dfd3f7000,0x00007f8dfd4f7000] [id=6044]
  0x00007f8e5c046000 ConcurrentGCThread "G1 Main Marker" [stack: 0x00007f8e615da000,0x00007f8e616da000] [id=6005]
  0x00007f8e5c048000 ConcurrentGCThread "G1 Conc#0" [stack: 0x00007f8e614d8000,0x00007f8e615d8000] [id=6006]
  0x00007f8e5c085000 ConcurrentGCThread "G1 Refine#0" [stack: 0x00007f8e60fd2000,0x00007f8e610d2000] [id=6007]
=>0x00007f8e5c087000 ConcurrentGCThread "G1 Young RemSet Sampling" [stack: 0x00007f8e60ed0000,0x00007f8e60fd0000] [id=6008]

Threads with active compile tasks:

VM state:not at safepoint (normal execution)

VM Mutex/Monitor currently owned by a thread: None

Heap address: 0x00000000cac00000, size: 852 MB, Compressed Oops mode: 32-bit
Narrow klass base: 0x0000000000000000, Narrow klass shift: 3
Compressed class space size: 1073741824 Address: 0x0000000100000000

Heap:
 garbage-first heap   total 159744K, used 84465K [0x00000000cac00000, 0x0000000100000000)
  region size 1024K, 41 young (41984K), 5 survivors (5120K)
 Metaspace       used 67495K, capacity 68730K, committed 69064K, reserved 1110016K
  class space    used 7614K, capacity 8038K, committed 8044K, reserved 1048576K
Heap Regions: E=young(eden), S=young(survivor), O=old, HS=humongous(starts), HC=humongous(continues), CS=collection set, F=free, A=archive, TAMS=top-at-mark-start (previous, next)
|   0|0x00000000cac00000, 0x00000000cad00000, 0x00000000cad00000|100%| O|  |TAMS 0x00000000cad00000, 0x00000000cac00000| Untracked 
|   1|0x00000000cad00000, 0x00000000cae00000, 0x00000000cae00000|100%| O|  |TAMS 0x00000000cae00000, 0x00000000cad00000| Untracked 
|   2|0x00000000cae00000, 0x00000000caf00000, 0x00000000caf00000|100%| O|  |TAMS 0x00000000caf00000, 0x00000000cae00000| Untracked 
|   3|0x00000000caf00000, 0x00000000cb000000, 0x00000000cb000000|100%| O|  |TAMS 0x00000000cb000000, 0x00000000caf00000| Untracked 
|   4|0x00000000cb000000, 0x00000000cb100000, 0x00000000cb100000|100%| O|  |TAMS 0x00000000cb100000, 0x00000000cb000000| Untracked 
|   5|0x00000000cb100000, 0x00000000cb200000, 0x00000000cb200000|100%| O|  |TAMS 0x00000000cb200000, 0x00000000cb100000| Untracked 
|   6|0x00000000cb200000, 0x00000000cb300000, 0x00000000cb300000|100%| O|  |TAMS 0x00000000cb300000, 0x00000000cb200000| Untracked 
|   7|0x00000000cb300000, 0x00000000cb400000, 0x00000000cb400000|100%| O|  |TAMS 0x00000000cb400000, 0x00000000cb300000| Untracked 
|   8|0x00000000cb400000, 0x00000000cb500000, 0x00000000cb500000|100%| O|  |TAMS 0x00000000cb500000, 0x00000000cb400000| Untracked 
|   9|0x00000000cb500000, 0x00000000cb600000, 0x00000000cb600000|100%| O|  |TAMS 0x00000000cb600000, 0x00000000cb500000| Untracked 
|  10|0x00000000cb600000, 0x00000000cb700000, 0x00000000cb700000|100%| O|  |TAMS 0x00000000cb700000, 0x00000000cb600000| Complete 
|  11|0x00000000cb700000, 0x00000000cb700000, 0x00000000cb800000|  0%| F|  |TAMS 0x00000000cb700000, 0x00000000cb700000| Untracked 
|  12|0x00000000cb800000, 0x00000000cb900000, 0x00000000cb900000|100%| O|  |TAMS 0x00000000cb900000, 0x00000000cb800000| Complete 
|  13|0x00000000cb900000, 0x00000000cba00000, 0x00000000cba00000|100%| O|  |TAMS 0x00000000cba00000, 0x00000000cb900000| Complete 
|  14|0x00000000cba00000, 0x00000000cbb00000, 0x00000000cbb00000|100%| O|  |TAMS 0x00000000cbb00000, 0x00000000cba00000| Complete 
|  15|0x00000000cbb00000, 0x00000000cbc00000, 0x00000000cbc00000|100%| O|  |TAMS 0x00000000cbc00000, 0x00000000cbb00000| Complete 
|  16|0x00000000cbc00000, 0x00000000cbc00000, 0x00000000cbd00000|  0%| F|  |TAMS 0x00000000cbc00000, 0x00000000cbc00000| Untracked 
|  17|0x00000000cbd00000, 0x00000000cbe00000, 0x00000000cbe00000|100%| O|  |TAMS 0x00000000cbe00000, 0x00000000cbd00000| Complete 
|  18|0x00000000cbe00000, 0x00000000cbf00000, 0x00000000cbf00000|100%| O|  |TAMS 0x00000000cbf00000, 0x00000000cbe00000| Complete 
|  19|0x00000000cbf00000, 0x00000000cbf00000, 0x00000000cc000000|  0%| F|  |TAMS 0x00000000cbf00000, 0x00000000cbf00000| Untracked 
|  20|0x00000000cc000000, 0x00000000cc100000, 0x00000000cc100000|100%| O|  |TAMS 0x00000000cc100000, 0x00000000cc000000| Untracked 
|  21|0x00000000cc100000, 0x00000000cc200000, 0x00000000cc200000|100%| O|  |TAMS 0x00000000cc200000, 0x00000000cc100000| Complete 
|  22|0x00000000cc200000, 0x00000000cc300000, 0x00000000cc300000|100%| O|  |TAMS 0x00000000cc300000, 0x00000000cc200000| Complete 
|  23|0x00000000cc300000, 0x00000000cc400000, 0x00000000cc400000|100%| O|  |TAMS 0x00000000cc400000, 0x00000000cc300000| Complete 
|  24|0x00000000cc400000, 0x00000000cc500000, 0x00000000cc500000|100%| O|  |TAMS 0x00000000cc500000, 0x00000000cc400000| Complete 
|  25|0x00000000cc500000, 0x00000000cc600000, 0x00000000cc600000|100%| O|  |TAMS 0x00000000cc600000, 0x00000000cc500000| Untracked 
|  26|0x00000000cc600000, 0x00000000cc700000, 0x00000000cc700000|100%| O|  |TAMS 0x00000000cc700000, 0x00000000cc600000| Complete 
|  27|0x00000000cc700000, 0x00000000cc800000, 0x00000000cc800000|100%| O|  |TAMS 0x00000000cc800000, 0x00000000cc700000| Complete 
|  28|0x00000000cc800000, 0x00000000cc900000, 0x00000000cc900000|100%| O|  |TAMS 0x00000000cc900000, 0x00000000cc800000| Untracked 
|  29|0x00000000cc900000, 0x00000000cca00000, 0x00000000cca00000|100%| O|  |TAMS 0x00000000cca00000, 0x00000000cc900000| Untracked 
|  30|0x00000000cca00000, 0x00000000ccb00000, 0x00000000ccb00000|100%| O|  |TAMS 0x00000000ccb00000, 0x00000000cca00000| Untracked 
|  31|0x00000000ccb00000, 0x00000000ccc00000, 0x00000000ccc00000|100%| O|  |TAMS 0x00000000ccc00000, 0x00000000ccb00000| Untracked 
|  32|0x00000000ccc00000, 0x00000000ccd00000, 0x00000000ccd00000|100%| O|  |TAMS 0x00000000ccd00000, 0x00000000ccc00000| Complete 
|  33|0x00000000ccd00000, 0x00000000cce00000, 0x00000000cce00000|100%| O|  |TAMS 0x00000000cce00000, 0x00000000ccd00000| Complete 
|  34|0x00000000cce00000, 0x00000000ccf00000, 0x00000000ccf00000|100%| O|  |TAMS 0x00000000ccf00000, 0x00000000cce00000| Untracked 
|  35|0x00000000ccf00000, 0x00000000cd000000, 0x00000000cd000000|100%| O|  |TAMS 0x00000000cd000000, 0x00000000ccf00000| Complete 
|  36|0x00000000cd000000, 0x00000000cd100000, 0x00000000cd100000|100%| O|  |TAMS 0x00000000cd100000, 0x00000000cd000000| Complete 
|  37|0x00000000cd100000, 0x00000000cd200000, 0x00000000cd200000|100%| O|  |TAMS 0x00000000cd200000, 0x00000000cd100000| Complete 
|  38|0x00000000cd200000, 0x00000000cd300000, 0x00000000cd300000|100%| O|  |TAMS 0x00000000cd300000, 0x00000000cd200000| Complete 
|  39|0x00000000cd300000, 0x00000000cd400000, 0x00000000cd400000|100%| O|  |TAMS 0x00000000cd400000, 0x00000000cd300000| Complete 
|  40|0x00000000cd400000, 0x00000000cd500000, 0x00000000cd500000|100%| O|  |TAMS 0x00000000cd500000, 0x00000000cd400000| Complete 
|  41|0x00000000cd500000, 0x00000000cd600000, 0x00000000cd600000|100%| O|  |TAMS 0x00000000cd600000, 0x00000000cd500000| Complete 
|  42|0x00000000cd600000, 0x00000000cd700000, 0x00000000cd700000|100%| O|  |TAMS 0x00000000cd700000, 0x00000000cd600000| Untracked 
|  43|0x00000000cd700000, 0x00000000cd800000, 0x00000000cd800000|100%| O|  |TAMS 0x00000000cd800000, 0x00000000cd700000| Complete 
|  44|0x00000000cd800000, 0x00000000cd900000, 0x00000000cd900000|100%| O|  |TAMS 0x00000000cd900000, 0x00000000cd800000| Untracked 
|  45|0x00000000cd900000, 0x00000000cd97c400, 0x00000000cda00000| 48%| O|  |TAMS 0x00000000cd97c400, 0x00000000cd900000| Untracked 
|  46|0x00000000cda00000, 0x00000000cda00000, 0x00000000cdb00000|  0%| F|  |TAMS 0x00000000cda00000, 0x00000000cda00000| Untracked 
|  47|0x00000000cdb00000, 0x00000000cdb00000, 0x00000000cdc00000|  0%| F|  |TAMS 0x00000000cdb00000, 0x00000000cdb00000| Untracked 
|  48|0x00000000cdc00000, 0x00000000cdc00000, 0x00000000cdd00000|  0%| F|  |TAMS 0x00000000cdc00000, 0x00000000cdc00000| Untracked 
|  49|0x00000000cdd00000, 0x00000000cdd00000, 0x00000000cde00000|  0%| F|  |TAMS 0x00000000cdd00000, 0x00000000cdd00000| Untracked 
|  50|0x00000000cde00000, 0x00000000cde00000, 0x00000000cdf00000|  0%| F|  |TAMS 0x00000000cde00000, 0x00000000cde00000| Untracked 
|  51|0x00000000cdf00000, 0x00000000cdf00000, 0x00000000ce000000|  0%| F|  |TAMS 0x00000000cdf00000, 0x00000000cdf00000| Untracked 
|  52|0x00000000ce000000, 0x00000000ce000000, 0x00000000ce100000|  0%| F|  |TAMS 0x00000000ce000000, 0x00000000ce000000| Untracked 
|  53|0x00000000ce100000, 0x00000000ce100000, 0x00000000ce200000|  0%| F|  |TAMS 0x00000000ce100000, 0x00000000ce100000| Untracked 
|  54|0x00000000ce200000, 0x00000000ce200000, 0x00000000ce300000|  0%| F|  |TAMS 0x00000000ce200000, 0x00000000ce200000| Untracked 
|  55|0x00000000ce300000, 0x00000000ce300000, 0x00000000ce400000|  0%| F|  |TAMS 0x00000000ce300000, 0x00000000ce300000| Untracked 
|  56|0x00000000ce400000, 0x00000000ce400000, 0x00000000ce500000|  0%| F|  |TAMS 0x00000000ce400000, 0x00000000ce400000| Untracked 
|  57|0x00000000ce500000, 0x00000000ce500000, 0x00000000ce600000|  0%| F|  |TAMS 0x00000000ce500000, 0x00000000ce500000| Untracked 
|  58|0x00000000ce600000, 0x00000000ce600000, 0x00000000ce700000|  0%| F|  |TAMS 0x00000000ce600000, 0x00000000ce600000| Untracked 
|  59|0x00000000ce700000, 0x00000000ce700000, 0x00000000ce800000|  0%| F|  |TAMS 0x00000000ce700000, 0x00000000ce700000| Untracked 
|  60|0x00000000ce800000, 0x00000000ce800000, 0x00000000ce900000|  0%| F|  |TAMS 0x00000000ce800000, 0x00000000ce800000| Untracked 
|  61|0x00000000ce900000, 0x00000000ce900000, 0x00000000cea00000|  0%| F|  |TAMS 0x00000000ce900000, 0x00000000ce900000| Untracked 
|  62|0x00000000cea00000, 0x00000000cea00000, 0x00000000ceb00000|  0%| F|  |TAMS 0x00000000cea00000, 0x00000000cea00000| Untracked 
|  63|0x00000000ceb00000, 0x00000000ceb00000, 0x00000000cec00000|  0%| F|  |TAMS 0x00000000ceb00000, 0x00000000ceb00000| Untracked 
|  64|0x00000000cec00000, 0x00000000cec00000, 0x00000000ced00000|  0%| F|  |TAMS 0x00000000cec00000, 0x00000000cec00000| Untracked 
|  65|0x00000000ced00000, 0x00000000ced00000, 0x00000000cee00000|  0%| F|  |TAMS 0x00000000ced00000, 0x00000000ced00000| Untracked 
|  66|0x00000000cee00000, 0x00000000cee00000, 0x00000000cef00000|  0%| F|  |TAMS 0x00000000cee00000, 0x00000000cee00000| Untracked 
|  67|0x00000000cef00000, 0x00000000cef00000, 0x00000000cf000000|  0%| F|  |TAMS 0x00000000cef00000, 0x00000000cef00000| Untracked 
|  68|0x00000000cf000000, 0x00000000cf000000, 0x00000000cf100000|  0%| F|  |TAMS 0x00000000cf000000, 0x00000000cf000000| Untracked 
|  69|0x00000000cf100000, 0x00000000cf100000, 0x00000000cf200000|  0%| F|  |TAMS 0x00000000cf100000, 0x00000000cf100000| Untracked 
|  70|0x00000000cf200000, 0x00000000cf200000, 0x00000000cf300000|  0%| F|  |TAMS 0x00000000cf200000, 0x00000000cf200000| Untracked 
|  71|0x00000000cf300000, 0x00000000cf300000, 0x00000000cf400000|  0%| F|  |TAMS 0x00000000cf300000, 0x00000000cf300000| Untracked 
|  72|0x00000000cf400000, 0x00000000cf400000, 0x00000000cf500000|  0%| F|  |TAMS 0x00000000cf400000, 0x00000000cf400000| Untracked 
|  73|0x00000000cf500000, 0x00000000cf500000, 0x00000000cf600000|  0%| F|  |TAMS 0x00000000cf500000, 0x00000000cf500000| Untracked 
|  74|0x00000000cf600000, 0x00000000cf600000, 0x00000000cf700000|  0%| F|  |TAMS 0x00000000cf600000, 0x00000000cf600000| Untracked 
|  75|0x00000000cf700000, 0x00000000cf700000, 0x00000000cf800000|  0%| F|  |TAMS 0x00000000cf700000, 0x00000000cf700000| Untracked 
|  76|0x00000000cf800000, 0x00000000cf800000, 0x00000000cf900000|  0%| F|  |TAMS 0x00000000cf800000, 0x00000000cf800000| Untracked 
|  77|0x00000000cf900000, 0x00000000cf900000, 0x00000000cfa00000|  0%| F|  |TAMS 0x00000000cf900000, 0x00000000cf900000| Untracked 
|  78|0x00000000cfa00000, 0x00000000cfa00000, 0x00000000cfb00000|  0%| F|  |TAMS 0x00000000cfa00000, 0x00000000cfa00000| Untracked 
|  79|0x00000000cfb00000, 0x00000000cfb00000, 0x00000000cfc00000|  0%| F|  |TAMS 0x00000000cfb00000, 0x00000000cfb00000| Untracked 
|  80|0x00000000cfc00000, 0x00000000cfc00000, 0x00000000cfd00000|  0%| F|  |TAMS 0x00000000cfc00000, 0x00000000cfc00000| Untracked 
|  81|0x00000000cfd00000, 0x00000000cfd00000, 0x00000000cfe00000|  0%| F|  |TAMS 0x00000000cfd00000, 0x00000000cfd00000| Untracked 
|  82|0x00000000cfe00000, 0x00000000cfe00000, 0x00000000cff00000|  0%| F|  |TAMS 0x00000000cfe00000, 0x00000000cfe00000| Untracked 
|  83|0x00000000cff00000, 0x00000000cff00000, 0x00000000d0000000|  0%| F|  |TAMS 0x00000000cff00000, 0x00000000cff00000| Untracked 
|  84|0x00000000d0000000, 0x00000000d0000000, 0x00000000d0100000|  0%| F|  |TAMS 0x00000000d0000000, 0x00000000d0000000| Untracked 
|  85|0x00000000d0100000, 0x00000000d0100000, 0x00000000d0200000|  0%| F|  |TAMS 0x00000000d0100000, 0x00000000d0100000| Untracked 
|  86|0x00000000d0200000, 0x00000000d0200000, 0x00000000d0300000|  0%| F|  |TAMS 0x00000000d0200000, 0x00000000d0200000| Untracked 
|  87|0x00000000d0300000, 0x00000000d0300000, 0x00000000d0400000|  0%| F|  |TAMS 0x00000000d0300000, 0x00000000d0300000| Untracked 
|  88|0x00000000d0400000, 0x00000000d0400000, 0x00000000d0500000|  0%| F|  |TAMS 0x00000000d0400000, 0x00000000d0400000| Untracked 
|  89|0x00000000d0500000, 0x00000000d0500000, 0x00000000d0600000|  0%| F|  |TAMS 0x00000000d0500000, 0x00000000d0500000| Untracked 
|  90|0x00000000d0600000, 0x00000000d0600000, 0x00000000d0700000|  0%| F|  |TAMS 0x00000000d0600000, 0x00000000d0600000| Untracked 
|  91|0x00000000d0700000, 0x00000000d0700000, 0x00000000d0800000|  0%| F|  |TAMS 0x00000000d0700000, 0x00000000d0700000| Untracked 
|  92|0x00000000d0800000, 0x00000000d0800000, 0x00000000d0900000|  0%| F|  |TAMS 0x00000000d0800000, 0x00000000d0800000| Untracked 
|  93|0x00000000d0900000, 0x00000000d0900000, 0x00000000d0a00000|  0%| F|  |TAMS 0x00000000d0900000, 0x00000000d0900000| Untracked 
|  94|0x00000000d0a00000, 0x00000000d0a00000, 0x00000000d0b00000|  0%| F|  |TAMS 0x00000000d0a00000, 0x00000000d0a00000| Untracked 
|  95|0x00000000d0b00000, 0x00000000d0b00000, 0x00000000d0c00000|  0%| F|  |TAMS 0x00000000d0b00000, 0x00000000d0b00000| Untracked 
|  96|0x00000000d0c00000, 0x00000000d0c00000, 0x00000000d0d00000|  0%| F|  |TAMS 0x00000000d0c00000, 0x00000000d0c00000| Untracked 
|  97|0x00000000d0d00000, 0x00000000d0d00000, 0x00000000d0e00000|  0%| F|  |TAMS 0x00000000d0d00000, 0x00000000d0d00000| Untracked 
|  98|0x00000000d0e00000, 0x00000000d0e00000, 0x00000000d0f00000|  0%| F|  |TAMS 0x00000000d0e00000, 0x00000000d0e00000| Untracked 
|  99|0x00000000d0f00000, 0x00000000d0f00000, 0x00000000d1000000|  0%| F|  |TAMS 0x00000000d0f00000, 0x00000000d0f00000| Untracked 
| 100|0x00000000d1000000, 0x00000000d1000000, 0x00000000d1100000|  0%| F|  |TAMS 0x00000000d1000000, 0x00000000d1000000| Untracked 
| 101|0x00000000d1100000, 0x00000000d1100000, 0x00000000d1200000|  0%| F|  |TAMS 0x00000000d1100000, 0x00000000d1100000| Untracked 
| 102|0x00000000d1200000, 0x00000000d1200000, 0x00000000d1300000|  0%| F|  |TAMS 0x00000000d1200000, 0x00000000d1200000| Untracked 
| 103|0x00000000d1300000, 0x00000000d1300000, 0x00000000d1400000|  0%| F|  |TAMS 0x00000000d1300000, 0x00000000d1300000| Untracked 
| 104|0x00000000d1400000, 0x00000000d1400000, 0x00000000d1500000|  0%| F|  |TAMS 0x00000000d1400000, 0x00000000d1400000| Untracked 
| 105|0x00000000d1500000, 0x00000000d1500000, 0x00000000d1600000|  0%| F|  |TAMS 0x00000000d1500000, 0x00000000d1500000| Untracked 
| 106|0x00000000d1600000, 0x00000000d1600000, 0x00000000d1700000|  0%| F|  |TAMS 0x00000000d1600000, 0x00000000d1600000| Untracked 
| 107|0x00000000d1700000, 0x00000000d1700000, 0x00000000d1800000|  0%| F|  |TAMS 0x00000000d1700000, 0x00000000d1700000| Untracked 
| 108|0x00000000d1800000, 0x00000000d1800000, 0x00000000d1900000|  0%| F|  |TAMS 0x00000000d1800000, 0x00000000d1800000| Untracked 
| 109|0x00000000d1900000, 0x00000000d1900000, 0x00000000d1a00000|  0%| F|  |TAMS 0x00000000d1900000, 0x00000000d1900000| Untracked 
| 110|0x00000000d1a00000, 0x00000000d1b00000, 0x00000000d1b00000|100%| S|CS|TAMS 0x00000000d1a00000, 0x00000000d1a00000| Complete 
| 111|0x00000000d1b00000, 0x00000000d1c00000, 0x00000000d1c00000|100%| S|CS|TAMS 0x00000000d1b00000, 0x00000000d1b00000| Complete 
| 112|0x00000000d1c00000, 0x00000000d1d00000, 0x00000000d1d00000|100%| S|CS|TAMS 0x00000000d1c00000, 0x00000000d1c00000| Complete 
| 113|0x00000000d1d00000, 0x00000000d1e00000, 0x00000000d1e00000|100%| S|CS|TAMS 0x00000000d1d00000, 0x00000000d1d00000| Complete 
| 114|0x00000000d1e00000, 0x00000000d1f00000, 0x00000000d1f00000|100%| S|CS|TAMS 0x00000000d1e00000, 0x00000000d1e00000| Complete 
| 115|0x00000000d1f00000, 0x00000000d1f00000, 0x00000000d2000000|  0%| F|  |TAMS 0x00000000d1f00000, 0x00000000d1f00000| Untracked 
| 116|0x00000000d2000000, 0x00000000d2000000, 0x00000000d2100000|  0%| F|  |TAMS 0x00000000d2000000, 0x00000000d2000000| Untracked 
| 117|0x00000000d2100000, 0x00000000d2100000, 0x00000000d2200000|  0%| F|  |TAMS 0x00000000d2100000, 0x00000000d2100000| Untracked 
| 118|0x00000000d2200000, 0x00000000d2200000, 0x00000000d2300000|  0%| F|  |TAMS 0x00000000d2200000, 0x00000000d2200000| Untracked 
| 119|0x00000000d2300000, 0x00000000d2300000, 0x00000000d2400000|  0%| F|  |TAMS 0x00000000d2300000, 0x00000000d2300000| Untracked 
| 120|0x00000000d2400000, 0x00000000d2441cc0, 0x00000000d2500000| 25%| E|  |TAMS 0x00000000d2400000, 0x00000000d2400000| Complete 
| 121|0x00000000d2500000, 0x00000000d2600000, 0x00000000d2600000|100%| E|CS|TAMS 0x00000000d2500000, 0x00000000d2500000| Complete 
| 122|0x00000000d2600000, 0x00000000d2700000, 0x00000000d2700000|100%| E|CS|TAMS 0x00000000d2600000, 0x00000000d2600000| Complete 
| 123|0x00000000d2700000, 0x00000000d2800000, 0x00000000d2800000|100%| E|CS|TAMS 0x00000000d2700000, 0x00000000d2700000| Complete 
| 124|0x00000000d2800000, 0x00000000d2900000, 0x00000000d2900000|100%| E|CS|TAMS 0x00000000d2800000, 0x00000000d2800000| Complete 
| 125|0x00000000d2900000, 0x00000000d2a00000, 0x00000000d2a00000|100%| E|CS|TAMS 0x00000000d2900000, 0x00000000d2900000| Complete 
| 126|0x00000000d2a00000, 0x00000000d2b00000, 0x00000000d2b00000|100%| E|CS|TAMS 0x00000000d2a00000, 0x00000000d2a00000| Complete 
| 127|0x00000000d2b00000, 0x00000000d2c00000, 0x00000000d2c00000|100%| E|CS|TAMS 0x00000000d2b00000, 0x00000000d2b00000| Complete 
| 128|0x00000000d2c00000, 0x00000000d2d00000, 0x00000000d2d00000|100%| E|CS|TAMS 0x00000000d2c00000, 0x00000000d2c00000| Complete 
| 129|0x00000000d2d00000, 0x00000000d2e00000, 0x00000000d2e00000|100%| E|CS|TAMS 0x00000000d2d00000, 0x00000000d2d00000| Complete 
| 130|0x00000000d2e00000, 0x00000000d2f00000, 0x00000000d2f00000|100%| E|CS|TAMS 0x00000000d2e00000, 0x00000000d2e00000| Complete 
| 131|0x00000000d2f00000, 0x00000000d3000000, 0x00000000d3000000|100%| E|CS|TAMS 0x00000000d2f00000, 0x00000000d2f00000| Complete 
| 132|0x00000000d3000000, 0x00000000d3100000, 0x00000000d3100000|100%| E|CS|TAMS 0x00000000d3000000, 0x00000000d3000000| Complete 
| 133|0x00000000d3100000, 0x00000000d3200000, 0x00000000d3200000|100%| E|CS|TAMS 0x00000000d3100000, 0x00000000d3100000| Complete 
| 134|0x00000000d3200000, 0x00000000d3300000, 0x00000000d3300000|100%| E|CS|TAMS 0x00000000d3200000, 0x00000000d3200000| Complete 
| 135|0x00000000d3300000, 0x00000000d3400000, 0x00000000d3400000|100%| E|CS|TAMS 0x00000000d3300000, 0x00000000d3300000| Complete 
| 136|0x00000000d3400000, 0x00000000d3500000, 0x00000000d3500000|100%| E|CS|TAMS 0x00000000d3400000, 0x00000000d3400000| Complete 
| 137|0x00000000d3500000, 0x00000000d3600000, 0x00000000d3600000|100%| E|CS|TAMS 0x00000000d3500000, 0x00000000d3500000| Complete 
| 138|0x00000000d3600000, 0x00000000d3700000, 0x00000000d3700000|100%| E|CS|TAMS 0x00000000d3600000, 0x00000000d3600000| Complete 

[error occurred during error reporting (printing heap information), id 0xb, SIGSEGV (0xb) at pc=0x00007f8e6496ecf5]

Metaspace:

Usage:
  Non-class:     59.27 MB capacity,    58.48 MB ( 99%) used,   691.52 KB (  1%) free+waste,   119.75 KB ( <1%) overhead. 
      Class:      7.85 MB capacity,     7.44 MB ( 95%) used,   374.14 KB (  5%) free+waste,    49.50 KB ( <1%) overhead. 
       Both:     67.12 MB capacity,    65.91 MB ( 98%) used,     1.04 MB (  2%) free+waste,   169.25 KB ( <1%) overhead. 

Virtual space:
  Non-class space:       60.00 MB reserved,      59.59 MB (>99%) committed 
      Class space:        1.00 GB reserved,       7.86 MB ( <1%) committed 
             Both:        1.06 GB reserved,      67.45 MB (  6%) committed 

Chunk freelists:
   Non-Class:  328.00 KB
       Class:  0 bytes
        Both:  328.00 KB

MaxMetaspaceSize: unlimited
CompressedClassSpaceSize: 1.00 GB

CodeHeap 'non-profiled nmethods': size=120032Kb used=5342Kb max_used=5342Kb free=114689Kb
 bounds [0x00007f8e4c340000, 0x00007f8e4c880000, 0x00007f8e53878000]
CodeHeap 'profiled nmethods': size=120032Kb used=20455Kb max_used=20455Kb free=99576Kb
 bounds [0x00007f8e44e08000, 0x00007f8e46208000, 0x00007f8e4c340000]
CodeHeap 'non-nmethods': size=5696Kb used=1198Kb max_used=1258Kb free=4497Kb
 bounds [0x00007f8e44878000, 0x00007f8e44ae8000, 0x00007f8e44e08000]
 total_blobs=9892 nmethods=9304 adapters=500
 compilation: enabled
              stopped_count=0, restarted_count=0
 full_count=0

Compilation events (20 events):
Event: 24756.002 Thread 0x00007f8e5c10c800 9374 % !   4       org.eclipse.jetty.util.thread.QueuedThreadPool$3::run @ 28 (466 bytes)
Event: 24756.025 Thread 0x00007f8e5c10c800 nmethod 9374% 0x00007f8e4c872390 code [0x00007f8e4c872640, 0x00007f8e4c873390]
Event: 26593.282 Thread 0x00007f8e5c10c800 9375 % !   4       org.eclipse.jetty.util.thread.QueuedThreadPool$3::run @ 18 (466 bytes)
Event: 26593.307 Thread 0x00007f8e5c10c800 nmethod 9375% 0x00007f8e4c874110 code [0x00007f8e4c8743c0, 0x00007f8e4c8750d0]
Event: 35303.017 Thread 0x00007f8e5c10c800 9376       4       java.lang.ref.ReferenceQueue::reallyPoll (65 bytes)
Event: 35303.022 Thread 0x00007f8e5c10c800 nmethod 9376 0x00007f8e4c875e10 code [0x00007f8e4c875fa0, 0x00007f8e4c8762d8]
Event: 37763.023 Thread 0x00007f8e5c10c800 9377   !   4       jdk.internal.ref.PhantomCleanable::isListEmpty (34 bytes)
Event: 37763.025 Thread 0x00007f8e5c10c800 nmethod 9377 0x00007f8e4c876390 code [0x00007f8e4c876520, 0x00007f8e4c876798]
Event: 40328.545 Thread 0x00007f8e5c10c800 9378       4       java.util.TaskQueue::isEmpty (13 bytes)
Event: 40328.545 Thread 0x00007f8e5c10c800 nmethod 9378 0x00007f8e4c876890 code [0x00007f8e4c876a20, 0x00007f8e4c876a98]
Event: 40590.738 Thread 0x00007f8e5c10c800 9379 % !   4       org.eclipse.jetty.io.nio.SelectorManager$1::run @ 169 (322 bytes)
Event: 40590.745 Thread 0x00007f8e5c10c800 nmethod 9379% 0x00007f8e4c876b10 code [0x00007f8e4c876d20, 0x00007f8e4c8770b0]
Event: 42972.489 Thread 0x00007f8e5c10f000 9380       1       org.eclipse.jetty.io.nio.SelectorManager::access$500 (5 bytes)
Event: 42972.499 Thread 0x00007f8e5c10f000 nmethod 9380 0x00007f8e4c877410 code [0x00007f8e4c8775c0, 0x00007f8e4c877650]
Event: 42973.287 Thread 0x00007f8e5c10c800 9381       4       sun.nio.ch.SelectorImpl::select (35 bytes)
Event: 42973.302 Thread 0x00007f8e5c10c800 nmethod 9381 0x00007f8e4c877710 code [0x00007f8e4c8778c0, 0x00007f8e4c8779a8]
Event: 43009.334 Thread 0x00007f8e5c10f000 9382       3       org.eclipse.jetty.io.nio.SelectorManager$SelectSet$1::<init> (15 bytes)
Event: 43009.335 Thread 0x00007f8e5c10f000 nmethod 9382 0x00007f8e461f2190 code [0x00007f8e461f2340, 0x00007f8e461f24f0]
Event: 43018.145 Thread 0x00007f8e5c10f000 9383   !   3       org.eclipse.jetty.io.nio.SelectorManager$SelectSet::doSelect (1383 bytes)
Event: 43018.163 Thread 0x00007f8e5c10f000 nmethod 9383 0x00007f8e461f2610 code [0x00007f8e461f3360, 0x00007f8e461fc8b0]

GC Heap History (20 events):
Event: 6.853 GC heap before
{Heap before GC invocations=24 (full 0):
 garbage-first heap   total 133120K, used 100122K [0x00000000cac00000, 0x0000000100000000)
  region size 1024K, 59 young (60416K), 3 survivors (3072K)
 Metaspace       used 39414K, capacity 40336K, committed 40604K, reserved 1085440K
  class space    used 4209K, capacity 4497K, committed 4588K, reserved 1048576K
}
Event: 6.859 GC heap after
{Heap after GC invocations=25 (full 0):
 garbage-first heap   total 133120K, used 43316K [0x00000000cac00000, 0x0000000100000000)
  region size 1024K, 4 young (4096K), 4 survivors (4096K)
 Metaspace       used 39414K, capacity 40336K, committed 40604K, reserved 1085440K
  class space    used 4209K, capacity 4497K, committed 4588K, reserved 1048576K
}
Event: 7.106 GC heap before
{Heap before GC invocations=25 (full 0):
 garbage-first heap   total 133120K, used 100660K [0x00000000cac00000, 0x0000000100000000)
  region size 1024K, 60 young (61440K), 4 survivors (4096K)
 Metaspace       used 39415K, capacity 40336K, committed 40604K, reserved 1085440K
  class space    used 4209K, capacity 4497K, committed 4588K, reserved 1048576K
}
Event: 7.112 GC heap after
{Heap after GC invocations=26 (full 0):
 garbage-first heap   total 133120K, used 43347K [0x00000000cac00000, 0x0000000100000000)
  region size 1024K, 4 young (4096K), 4 survivors (4096K)
 Metaspace       used 39415K, capacity 40336K, committed 40604K, reserved 1085440K
  class space    used 4209K, capacity 4497K, committed 4588K, reserved 1048576K
}
Event: 7.328 GC heap before
{Heap before GC invocations=26 (full 0):
 garbage-first heap   total 133120K, used 102739K [0x00000000cac00000, 0x0000000100000000)
  region size 1024K, 63 young (64512K), 4 survivors (4096K)
 Metaspace       used 39415K, capacity 40336K, committed 40604K, reserved 1085440K
  class space    used 4209K, capacity 4497K, committed 4588K, reserved 1048576K
}
Event: 7.333 GC heap after
{Heap after GC invocations=27 (full 0):
 garbage-first heap   total 133120K, used 43779K [0x00000000cac00000, 0x0000000100000000)
  region size 1024K, 4 young (4096K), 4 survivors (4096K)
 Metaspace       used 39415K, capacity 40336K, committed 40604K, reserved 1085440K
  class space    used 4209K, capacity 4497K, committed 4588K, reserved 1048576K
}
Event: 7.518 GC heap before
{Heap before GC invocations=27 (full 0):
 garbage-first heap   total 133120K, used 105219K [0x00000000cac00000, 0x0000000100000000)
  region size 1024K, 64 young (65536K), 4 survivors (4096K)
 Metaspace       used 39415K, capacity 40336K, committed 40604K, reserved 1085440K
  class space    used 4209K, capacity 4497K, committed 4588K, reserved 1048576K
}
Event: 7.523 GC heap after
{Heap after GC invocations=28 (full 0):
 garbage-first heap   total 159744K, used 43853K [0x00000000cac00000, 0x0000000100000000)
  region size 1024K, 4 young (4096K), 4 survivors (4096K)
 Metaspace       used 39415K, capacity 40336K, committed 40604K, reserved 1085440K
  class space    used 4209K, capacity 4497K, committed 4588K, reserved 1048576K
}
Event: 7.720 GC heap before
{Heap before GC invocations=28 (full 0):
 garbage-first heap   total 159744K, used 130893K [0x00000000cac00000, 0x0000000100000000)
  region size 1024K, 89 young (91136K), 4 survivors (4096K)
 Metaspace       used 39415K, capacity 40336K, committed 40604K, reserved 1085440K
  class space    used 4209K, capacity 4497K, committed 4588K, reserved 1048576K
}
Event: 7.725 GC heap after
{Heap after GC invocations=29 (full 0):
 garbage-first heap   total 159744K, used 45007K [0x00000000cac00000, 0x0000000100000000)
  region size 1024K, 5 young (5120K), 5 survivors (5120K)
 Metaspace       used 39415K, capacity 40336K, committed 40604K, reserved 1085440K
  class space    used 4209K, capacity 4497K, committed 4588K, reserved 1048576K
}
Event: 7.979 GC heap before
{Heap before GC invocations=29 (full 0):
 garbage-first heap   total 159744K, used 127951K [0x00000000cac00000, 0x0000000100000000)
  region size 1024K, 86 young (88064K), 5 survivors (5120K)
 Metaspace       used 39419K, capacity 40336K, committed 40604K, reserved 1085440K
  class space    used 4210K, capacity 4497K, committed 4588K, reserved 1048576K
}
Event: 7.991 GC heap after
{Heap after GC invocations=30 (full 0):
 garbage-first heap   total 159744K, used 49702K [0x00000000cac00000, 0x0000000100000000)
  region size 1024K, 10 young (10240K), 10 survivors (10240K)
 Metaspace       used 39419K, capacity 40336K, committed 40604K, reserved 1085440K
  class space    used 4210K, capacity 4497K, committed 4588K, reserved 1048576K
}
Event: 8.549 GC heap before
{Heap before GC invocations=30 (full 0):
 garbage-first heap   total 159744K, used 125478K [0x00000000cac00000, 0x0000000100000000)
  region size 1024K, 85 young (87040K), 10 survivors (10240K)
 Metaspace       used 41138K, capacity 42056K, committed 42396K, reserved 1087488K
  class space    used 4418K, capacity 4729K, committed 4844K, reserved 1048576K
}
Event: 8.568 GC heap after
{Heap after GC invocations=31 (full 0):
 garbage-first heap   total 159744K, used 53862K [0x00000000cac00000, 0x0000000100000000)
  region size 1024K, 11 young (11264K), 11 survivors (11264K)
 Metaspace       used 41138K, capacity 42056K, committed 42396K, reserved 1087488K
  class space    used 4418K, capacity 4729K, committed 4844K, reserved 1048576K
}
Event: 9.441 GC heap before
{Heap before GC invocations=31 (full 0):
 garbage-first heap   total 159744K, used 121446K [0x00000000cac00000, 0x0000000100000000)
  region size 1024K, 78 young (79872K), 11 survivors (11264K)
 Metaspace       used 47747K, capacity 48839K, committed 49052K, reserved 1093632K
  class space    used 5209K, capacity 5572K, committed 5612K, reserved 1048576K
}
Event: 9.447 GC heap after
{Heap after GC invocations=32 (full 0):
 garbage-first heap   total 159744K, used 48117K [0x00000000cac00000, 0x0000000100000000)
  region size 1024K, 4 young (4096K), 4 survivors (4096K)
 Metaspace       used 47747K, capacity 48839K, committed 49052K, reserved 1093632K
  class space    used 5209K, capacity 5572K, committed 5612K, reserved 1048576K
}
Event: 11.282 GC heap before
{Heap before GC invocations=32 (full 0):
 garbage-first heap   total 159744K, used 123893K [0x00000000cac00000, 0x0000000100000000)
  region size 1024K, 78 young (79872K), 4 survivors (4096K)
 Metaspace       used 60656K, capacity 61845K, committed 62364K, reserved 1103872K
  class space    used 6875K, capacity 7274K, committed 7404K, reserved 1048576K
}
Event: 11.289 GC heap after
{Heap after GC invocations=33 (full 0):
 garbage-first heap   total 159744K, used 50544K [0x00000000cac00000, 0x0000000100000000)
  region size 1024K, 6 young (6144K), 6 survivors (6144K)
 Metaspace       used 60656K, capacity 61845K, committed 62364K, reserved 1103872K
  class space    used 6875K, capacity 7274K, committed 7404K, reserved 1048576K
}
Event: 22.852 GC heap before
{Heap before GC invocations=33 (full 0):
 garbage-first heap   total 159744K, used 90480K [0x00000000cac00000, 0x0000000100000000)
  region size 1024K, 47 young (48128K), 6 survivors (6144K)
 Metaspace       used 65558K, capacity 66713K, committed 67228K, reserved 1107968K
  class space    used 7449K, capacity 7868K, committed 7916K, reserved 1048576K
}
Event: 22.867 GC heap after
{Heap after GC invocations=34 (full 0):
 garbage-first heap   total 159744K, used 51697K [0x00000000cac00000, 0x0000000100000000)
  region size 1024K, 5 young (5120K), 5 survivors (5120K)
 Metaspace       used 65558K, capacity 66713K, committed 67228K, reserved 1107968K
  class space    used 7449K, capacity 7868K, committed 7916K, reserved 1048576K
}

Deoptimization events (20 events):
Event: 24.852 Thread 0x00007f8e5ff08000 DEOPT PACKING pc=0x00007f8e4c7656c4 sp=0x00007f8dfdaf77f0
Event: 24.852 Thread 0x00007f8e5ff08000 DEOPT UNPACKING pc=0x00007f8e4489d625 sp=0x00007f8dfdaf7740 mode 2
Event: 28432.548 Thread 0x00007f8e5ff09800 DEOPT PACKING pc=0x00007f8e461d9b2e sp=0x00007f8dfd9f8900
Event: 28432.548 Thread 0x00007f8e5ff09800 DEOPT UNPACKING pc=0x00007f8e4489ddca sp=0x00007f8dfd9f7e30 mode 0
Event: 32482.345 Thread 0x00007f8e5ff08000 DEOPT PACKING pc=0x00007f8e461e2ab4 sp=0x00007f8dfdaf9900
Event: 32482.345 Thread 0x00007f8e5ff08000 DEOPT UNPACKING pc=0x00007f8e4489ddca sp=0x00007f8dfdaf8e30 mode 0
Event: 34969.548 Thread 0x00007f8e5ff04800 DEOPT PACKING pc=0x00007f8e461e2a39 sp=0x00007f8dfdcfb900
Event: 34969.548 Thread 0x00007f8e5ff04800 DEOPT UNPACKING pc=0x00007f8e4489ddca sp=0x00007f8dfdcfae30 mode 0
Event: 37733.092 Thread 0x00007f8e5ff02800 DEOPT PACKING pc=0x00007f8e461e2ab4 sp=0x00007f8dfddfc900
Event: 37733.092 Thread 0x00007f8e5ff02800 DEOPT UNPACKING pc=0x00007f8e4489ddca sp=0x00007f8dfddfbe30 mode 0
Event: 42092.373 Thread 0x00007f8e5ff06000 DEOPT PACKING pc=0x00007f8e461d9b2e sp=0x00007f8dfdbfa900
Event: 42092.380 Thread 0x00007f8e5ff06000 DEOPT UNPACKING pc=0x00007f8e4489ddca sp=0x00007f8dfdbf9e30 mode 0
Event: 42967.253 Thread 0x00007f8e5ff01000 Uncommon trap: trap_request=0xffffff4d fr.pc=0x00007f8e4c86373c relative=0x00000000000024bc
Event: 42967.261 Thread 0x00007f8e5ff01000 Uncommon trap: reason=unstable_if action=reinterpret pc=0x00007f8e4c86373c method=org.eclipse.jetty.io.nio.SelectorManager$SelectSet.doSelect()V @ 556 c2
Event: 42967.269 Thread 0x00007f8e5ff01000 DEOPT PACKING pc=0x00007f8e4c86373c sp=0x00007f8dfdefd710
Event: 42967.270 Thread 0x00007f8e5ff01000 DEOPT UNPACKING pc=0x00007f8e4489d625 sp=0x00007f8dfdefd6a0 mode 2
Event: 43054.506 Thread 0x00007f8e5ff01000 Uncommon trap: trap_request=0xffffff4d fr.pc=0x00007f8e4c85b444 relative=0x00000000000016c4
Event: 43055.374 Thread 0x00007f8e5ff01000 Uncommon trap: reason=unstable_if action=reinterpret pc=0x00007f8e4c85b444 method=sun.nio.ch.EPollSelectorImpl.doSelect(Ljava/util/function/Consumer;J)I @ 105 c2
Event: 43055.432 Thread 0x00007f8e5ff01000 DEOPT PACKING pc=0x00007f8e4c85b444 sp=0x00007f8dfdefd590
Event: 43055.574 Thread 0x00007f8e5ff01000 DEOPT UNPACKING pc=0x00007f8e4489d625 sp=0x00007f8dfdefd4b8 mode 2

Classes redefined (0 events):
No events

Internal exceptions (20 events):
Event: 11.499 Thread 0x00007f8e5c016000 Exception <a 'java/lang/ClassNotFoundException'{0x00000000d37ae750}: org/springframework/context/ApplicationContextAwareCustomizer> (0x00000000d37ae750) thrown at [src/hotspot/share/classfile/systemDictionary.cpp, line 231]
Event: 11.501 Thread 0x00007f8e5c016000 Exception <a 'java/lang/ClassNotFoundException'{0x00000000d37c6250}: org/springframework/context/event/EventListenerFactoryCustomizer> (0x00000000d37c6250) thrown at [src/hotspot/share/classfile/systemDictionary.cpp, line 231]
Event: 11.501 Thread 0x00007f8e5c016000 Exception <a 'java/lang/ClassNotFoundException'{0x00000000d37d8608}: org/springframework/core/OrderedCustomizer> (0x00000000d37d8608) thrown at [src/hotspot/share/classfile/systemDictionary.cpp, line 231]
Event: 11.511 Thread 0x00007f8e5c016000 Exception <a 'java/lang/ClassNotFoundException'{0x00000000d357f148}: org/springframework/web/servlet/i18n/AcceptHeaderLocaleResolverBeanInfo> (0x00000000d357f148) thrown at [src/hotspot/share/classfile/systemDictionary.cpp, line 231]
Event: 11.512 Thread 0x00007f8e5c016000 Exception <a 'java/lang/ClassNotFoundException'{0x00000000d35938e0}: org/springframework/web/servlet/i18n/AcceptHeaderLocaleResolverCustomizer> (0x00000000d35938e0) thrown at [src/hotspot/share/classfile/systemDictionary.cpp, line 231]
Event: 11.513 Thread 0x00007f8e5c016000 Exception <a 'java/lang/ClassNotFoundException'{0x00000000d35adef8}: org/springframework/web/servlet/LocaleResolverCustomizer> (0x00000000d35adef8) thrown at [src/hotspot/share/classfile/systemDictionary.cpp, line 231]
Event: 11.515 Thread 0x00007f8e5c016000 Exception <a 'java/lang/ClassNotFoundException'{0x00000000d35ce258}: org/springframework/web/servlet/theme/FixedThemeResolverBeanInfo> (0x00000000d35ce258) thrown at [src/hotspot/share/classfile/systemDictionary.cpp, line 231]
Event: 11.515 Thread 0x00007f8e5c016000 Exception <a 'java/lang/ClassNotFoundException'{0x00000000d35e3bc8}: org/springframework/web/servlet/theme/AbstractThemeResolverBeanInfo> (0x00000000d35e3bc8) thrown at [src/hotspot/share/classfile/systemDictionary.cpp, line 231]
Event: 11.515 Thread 0x00007f8e5c016000 Exception <a 'java/lang/ClassNotFoundException'{0x00000000d35f8a98}: org/springframework/web/servlet/theme/AbstractThemeResolverCustomizer> (0x00000000d35f8a98) thrown at [src/hotspot/share/classfile/systemDictionary.cpp, line 231]
Event: 11.516 Thread 0x00007f8e5c016000 Exception <a 'java/lang/ClassNotFoundException'{0x00000000d340f9c0}: org/springframework/web/servlet/theme/FixedThemeResolverCustomizer> (0x00000000d340f9c0) thrown at [src/hotspot/share/classfile/systemDictionary.cpp, line 231]
Event: 11.517 Thread 0x00007f8e5c016000 Exception <a 'java/lang/ClassNotFoundException'{0x00000000d3425f80}: org/springframework/web/servlet/ThemeResolverCustomizer> (0x00000000d3425f80) thrown at [src/hotspot/share/classfile/systemDictionary.cpp, line 231]
Event: 11.521 Thread 0x00007f8e5c016000 Exception <a 'java/lang/ClassNotFoundException'{0x00000000d3450968}: org/springframework/web/servlet/view/DefaultRequestToViewNameTranslatorBeanInfo> (0x00000000d3450968) thrown at [src/hotspot/share/classfile/systemDictionary.cpp, line 231]
Event: 11.522 Thread 0x00007f8e5c016000 Exception <a 'java/lang/ClassNotFoundException'{0x00000000d34659d8}: org/springframework/web/servlet/view/DefaultRequestToViewNameTranslatorCustomizer> (0x00000000d34659d8) thrown at [src/hotspot/share/classfile/systemDictionary.cpp, line 231]
Event: 11.523 Thread 0x00007f8e5c016000 Exception <a 'java/lang/ClassNotFoundException'{0x00000000d348a5a0}: org/springframework/web/servlet/RequestToViewNameTranslatorCustomizer> (0x00000000d348a5a0) thrown at [src/hotspot/share/classfile/systemDictionary.cpp, line 231]
Event: 11.527 Thread 0x00007f8e5c016000 Exception <a 'java/lang/ClassNotFoundException'{0x00000000d34ba880}: org/springframework/web/servlet/support/SessionFlashMapManagerBeanInfo> (0x00000000d34ba880) thrown at [src/hotspot/share/classfile/systemDictionary.cpp, line 231]
Event: 11.527 Thread 0x00007f8e5c016000 Exception <a 'java/lang/ClassNotFoundException'{0x00000000d34d0220}: org/springframework/web/servlet/support/AbstractFlashMapManagerBeanInfo> (0x00000000d34d0220) thrown at [src/hotspot/share/classfile/systemDictionary.cpp, line 231]
Event: 11.528 Thread 0x00007f8e5c016000 Exception <a 'java/lang/ClassNotFoundException'{0x00000000d34e51d0}: org/springframework/web/servlet/support/AbstractFlashMapManagerCustomizer> (0x00000000d34e51d0) thrown at [src/hotspot/share/classfile/systemDictionary.cpp, line 231]
Event: 11.529 Thread 0x00007f8e5c016000 Exception <a 'java/lang/ClassNotFoundException'{0x00000000d34fe600}: org/springframework/web/servlet/support/SessionFlashMapManagerCustomizer> (0x00000000d34fe600) thrown at [src/hotspot/share/classfile/systemDictionary.cpp, line 231]
Event: 11.530 Thread 0x00007f8e5c016000 Exception <a 'java/lang/ClassNotFoundException'{0x00000000d3314950}: org/springframework/web/servlet/FlashMapManagerCustomizer> (0x00000000d3314950) thrown at [src/hotspot/share/classfile/systemDictionary.cpp, line 231]
Event: 17.146 Thread 0x00007f8e5ff09800 Implicit null exception at 0x00007f8e4c7155dd to 0x00007f8e4c7162b8

Events (20 events):
Event: 24.853 Executing VM operation: RevokeBias done
Event: 24.959 Executing VM operation: RevokeBias
Event: 24.959 Executing VM operation: RevokeBias done
Event: 55.687 loading class org/eclipse/jetty/io/nio/SelectChannelEndPoint$2
Event: 55.687 loading class org/eclipse/jetty/io/nio/SelectChannelEndPoint$2 done
Event: 55.687 loading class org/eclipse/jetty/io/nio/SelectChannelEndPoint$2
Event: 55.687 loading class org/eclipse/jetty/io/nio/SelectChannelEndPoint$2 done
Event: 55.687 Executing VM operation: RevokeBias
Event: 55.688 Executing VM operation: RevokeBias done
Event: 55.689 Executing VM operation: RevokeBias
Event: 55.689 Executing VM operation: RevokeBias done
Event: 55.689 Executing VM operation: RevokeBias
Event: 55.689 Executing VM operation: RevokeBias done
Event: 56.090 Executing VM operation: RevokeBias
Event: 56.090 Executing coalesced safepoint VM operation: RevokeBias
Event: 56.090 Executing coalesced safepoint VM operation: RevokeBias done
Event: 56.090 Executing VM operation: RevokeBias done
Event: 74.516 Loaded shared library /usr/lib/jvm/java-11-openjdk-amd64/lib/libnio.so
Event: 43055.166 Executing VM operation: RevokeBias
Event: 43055.302 Executing VM operation: RevokeBias done


Dynamic libraries:
cac00000-d4800000 rw-p 00000000 00:00 0 
d4800000-100000000 ---p 00000000 00:00 0 
100000000-1007db000 rw-p 00000000 00:00 0 
1007db000-140000000 ---p 00000000 00:00 0 
55a6a2bbb000-55a6a2bbc000 r--p 00000000 103:04 3414359                   /usr/lib/jvm/java-11-openjdk-amd64/bin/java
55a6a2bbc000-55a6a2bbd000 r-xp 00001000 103:04 3414359                   /usr/lib/jvm/java-11-openjdk-amd64/bin/java
55a6a2bbd000-55a6a2bbe000 r--p 00002000 103:04 3414359                   /usr/lib/jvm/java-11-openjdk-amd64/bin/java
55a6a2bbe000-55a6a2bbf000 r--p 00002000 103:04 3414359                   /usr/lib/jvm/java-11-openjdk-amd64/bin/java
55a6a2bbf000-55a6a2bc0000 rw-p 00003000 103:04 3414359                   /usr/lib/jvm/java-11-openjdk-amd64/bin/java
55a6a3b0c000-55a6a3b2d000 rw-p 00000000 00:00 0                          [heap]
7f8dcc000000-7f8dcc021000 rw-p 00000000 00:00 0 
7f8dcc021000-7f8dd0000000 ---p 00000000 00:00 0 
7f8dd0000000-7f8dd0021000 rw-p 00000000 00:00 0 
7f8dd0021000-7f8dd4000000 ---p 00000000 00:00 0 
7f8dd4000000-7f8dd4065000 rw-p 00000000 00:00 0 
7f8dd4065000-7f8dd8000000 ---p 00000000 00:00 0 
7f8dd8000000-7f8dd8165000 rw-p 00000000 00:00 0 
7f8dd8165000-7f8ddc000000 ---p 00000000 00:00 0 
7f8ddc000000-7f8ddc021000 rw-p 00000000 00:00 0 
7f8ddc021000-7f8de0000000 ---p 00000000 00:00 0 
7f8de0000000-7f8de01ed000 rw-p 00000000 00:00 0 
7f8de01ed000-7f8de4000000 ---p 00000000 00:00 0 
7f8de4000000-7f8de4091000 rw-p 00000000 00:00 0 
7f8de4091000-7f8de8000000 ---p 00000000 00:00 0 
7f8de8000000-7f8de8126000 rw-p 00000000 00:00 0 
7f8de8126000-7f8dec000000 ---p 00000000 00:00 0 
7f8dec000000-7f8dec021000 rw-p 00000000 00:00 0 
7f8dec021000-7f8df0000000 ---p 00000000 00:00 0 
7f8df0000000-7f8df0021000 rw-p 00000000 00:00 0 
7f8df0021000-7f8df4000000 ---p 00000000 00:00 0 
7f8df4000000-7f8df5daf000 rw-p 00000000 00:00 0 
7f8df5daf000-7f8df8000000 ---p 00000000 00:00 0 
7f8df8000000-7f8dfaa77000 rw-p 00000000 00:00 0 
7f8dfaa77000-7f8dfc000000 ---p 00000000 00:00 0 
7f8dfd1f5000-7f8dfd3a0000 rw-p 00000000 00:00 0 
7f8dfd3a0000-7f8dfd3f5000 ---p 00000000 00:00 0 
7f8dfd3f5000-7f8dfd3f6000 ---p 00000000 00:00 0 
7f8dfd3f6000-7f8dfd6f7000 rw-p 00000000 00:00 0 
7f8dfd6f7000-7f8dfd6fb000 ---p 00000000 00:00 0 
7f8dfd6fb000-7f8dfd7f8000 rw-p 00000000 00:00 0 
7f8dfd7f8000-7f8dfd7fc000 ---p 00000000 00:00 0 
7f8dfd7fc000-7f8dfd8f9000 rw-p 00000000 00:00 0 
7f8dfd8f9000-7f8dfd8fd000 ---p 00000000 00:00 0 
7f8dfd8fd000-7f8dfd9fa000 rw-p 00000000 00:00 0 
7f8dfd9fa000-7f8dfd9fe000 ---p 00000000 00:00 0 
7f8dfd9fe000-7f8dfdafb000 rw-p 00000000 00:00 0 
7f8dfdafb000-7f8dfdaff000 ---p 00000000 00:00 0 
7f8dfdaff000-7f8dfdbfc000 rw-p 00000000 00:00 0 
7f8dfdbfc000-7f8dfdc00000 ---p 00000000 00:00 0 
7f8dfdc00000-7f8dfdcfd000 rw-p 00000000 00:00 0 
7f8dfdcfd000-7f8dfdd01000 ---p 00000000 00:00 0 
7f8dfdd01000-7f8dfddfe000 rw-p 00000000 00:00 0 
7f8dfddfe000-7f8dfde02000 ---p 00000000 00:00 0 
7f8dfde02000-7f8dfe0ff000 rw-p 00000000 00:00 0 
7f8dfe0ff000-7f8dfe2ff000 rw-p 00000000 00:00 0 
7f8dfe2ff000-7f8dfe4ff000 rw-p 00000000 00:00 0 
7f8dfe4ff000-7f8dfe6ff000 rw-p 00000000 00:00 0 
7f8dfe6ff000-7f8dfe8ff000 rw-p 00000000 00:00 0 
7f8dfe8ff000-7f8dfeaff000 rw-p 00000000 00:00 0 
7f8dfeaff000-7f8dfecff000 rw-p 00000000 00:00 0 
7f8dfecff000-7f8dfeeff000 rw-p 00000000 00:00 0 
7f8dfeeff000-7f8dff0ff000 rw-p 00000000 00:00 0 
7f8dff0ff000-7f8dff2ff000 rw-p 00000000 00:00 0 
7f8dff2ff000-7f8dff303000 ---p 00000000 00:00 0 
7f8dff303000-7f8dff600000 rw-p 00000000 00:00 0 
7f8dff600000-7f8dff800000 rw-p 00000000 00:00 0 
7f8dff800000-7f8dffa00000 rw-p 00000000 00:00 0 
7f8dffa00000-7f8dffc00000 rw-p 00000000 00:00 0 
7f8dffc00000-7f8dffe00000 rw-p 00000000 00:00 0 
7f8dffe00000-7f8e00000000 rw-p 00000000 00:00 0 
7f8e00000000-7f8e00021000 rw-p 00000000 00:00 0 
7f8e00021000-7f8e04000000 ---p 00000000 00:00 0 
7f8e04000000-7f8e04027000 rw-p 00000000 00:00 0 
7f8e04027000-7f8e08000000 ---p 00000000 00:00 0 
7f8e08000000-7f8e08021000 rw-p 00000000 00:00 0 
7f8e08021000-7f8e0c000000 ---p 00000000 00:00 0 
7f8e0c000000-7f8e0c021000 rw-p 00000000 00:00 0 
7f8e0c021000-7f8e10000000 ---p 00000000 00:00 0 
7f8e10000000-7f8e12b53000 rw-p 00000000 00:00 0 
7f8e12b53000-7f8e14000000 ---p 00000000 00:00 0 
7f8e14000000-7f8e1498f000 rw-p 00000000 00:00 0 
7f8e1498f000-7f8e18000000 ---p 00000000 00:00 0 
7f8e18000000-7f8e18021000 rw-p 00000000 00:00 0 
7f8e18021000-7f8e1c000000 ---p 00000000 00:00 0 
7f8e1c000000-7f8e1c021000 rw-p 00000000 00:00 0 
7f8e1c021000-7f8e20000000 ---p 00000000 00:00 0 
7f8e20000000-7f8e20021000 rw-p 00000000 00:00 0 
7f8e20021000-7f8e24000000 ---p 00000000 00:00 0 
7f8e24000000-7f8e24021000 rw-p 00000000 00:00 0 
7f8e24021000-7f8e28000000 ---p 00000000 00:00 0 
7f8e28000000-7f8e28021000 rw-p 00000000 00:00 0 
7f8e28021000-7f8e2c000000 ---p 00000000 00:00 0 
7f8e2c000000-7f8e2c0d6000 rw-p 00000000 00:00 0 
7f8e2c0d6000-7f8e30000000 ---p 00000000 00:00 0 
7f8e30000000-7f8e30021000 rw-p 00000000 00:00 0 
7f8e30021000-7f8e34000000 ---p 00000000 00:00 0 
7f8e3406b000-7f8e3406c000 ---p 00000000 00:00 0 
7f8e3406c000-7f8e3436d000 rw-p 00000000 00:00 0 
7f8e3436d000-7f8e3456d000 rw-p 00000000 00:00 0 
7f8e3456d000-7f8e34759000 rw-p 00000000 00:00 0 
7f8e34759000-7f8e3476d000 ---p 00000000 00:00 0 
7f8e3476d000-7f8e3496d000 rw-p 00000000 00:00 0 
7f8e3496d000-7f8e34b6d000 rw-p 00000000 00:00 0 
7f8e34b6d000-7f8e34d6d000 rw-p 00000000 00:00 0 
7f8e34d6d000-7f8e34d71000 ---p 00000000 00:00 0 
7f8e34d71000-7f8e3506e000 rw-p 00000000 00:00 0 
7f8e3506e000-7f8e36000000 r--p 00000000 103:04 3022426                   /usr/lib/locale/locale-archive
7f8e36000000-7f8e38000000 rw-p 00000000 00:00 0 
7f8e38000000-7f8e38021000 rw-p 00000000 00:00 0 
7f8e38021000-7f8e3c000000 ---p 00000000 00:00 0 
7f8e3c000000-7f8e3c03c000 rw-p 00000000 00:00 0 
7f8e3c03c000-7f8e40000000 ---p 00000000 00:00 0 
7f8e40000000-7f8e40031000 rw-p 00000000 00:00 0 
7f8e40031000-7f8e44000000 ---p 00000000 00:00 0 
7f8e44070000-7f8e44071000 ---p 00000000 00:00 0 
7f8e44071000-7f8e44372000 rw-p 00000000 00:00 0 
7f8e44372000-7f8e44376000 ---p 00000000 00:00 0 
7f8e44376000-7f8e44473000 rw-p 00000000 00:00 0 
7f8e44473000-7f8e44474000 ---p 00000000 00:00 0 
7f8e44474000-7f8e44575000 rw-p 00000000 00:00 0 
7f8e44575000-7f8e44579000 ---p 00000000 00:00 0 
7f8e44579000-7f8e44676000 rw-p 00000000 00:00 0 
7f8e44676000-7f8e4467a000 ---p 00000000 00:00 0 
7f8e4467a000-7f8e44777000 rw-p 00000000 00:00 0 
7f8e44777000-7f8e4477b000 ---p 00000000 00:00 0 
7f8e4477b000-7f8e44878000 rw-p 00000000 00:00 0 
7f8e44878000-7f8e44ae8000 rwxp 00000000 00:00 0 
7f8e44ae8000-7f8e44e08000 ---p 00000000 00:00 0 
7f8e44e08000-7f8e46208000 rwxp 00000000 00:00 0 
7f8e46208000-7f8e4c340000 ---p 00000000 00:00 0 
7f8e4c340000-7f8e4c880000 rwxp 00000000 00:00 0 
7f8e4c880000-7f8e53878000 ---p 00000000 00:00 0 
7f8e53878000-7f8e5c000000 r--s 00000000 103:04 3414434                   /usr/lib/jvm/java-11-openjdk-amd64/lib/modules
7f8e5c000000-7f8e5fffe000 rw-p 00000000 00:00 0 
7f8e5fffe000-7f8e60000000 ---p 00000000 00:00 0 
7f8e60024000-7f8e60055000 rw-p 00000000 00:00 0 
7f8e60055000-7f8e60059000 r--p 00000000 103:04 3414424                   /usr/lib/jvm/java-11-openjdk-amd64/lib/libnet.so
7f8e60059000-7f8e60068000 r-xp 00004000 103:04 3414424                   /usr/lib/jvm/java-11-openjdk-amd64/lib/libnet.so
7f8e60068000-7f8e6006c000 r--p 00013000 103:04 3414424                   /usr/lib/jvm/java-11-openjdk-amd64/lib/libnet.so
7f8e6006c000-7f8e6006d000 r--p 00016000 103:04 3414424                   /usr/lib/jvm/java-11-openjdk-amd64/lib/libnet.so
7f8e6006d000-7f8e6006e000 rw-p 00017000 103:04 3414424                   /usr/lib/jvm/java-11-openjdk-amd64/lib/libnet.so
7f8e6006e000-7f8e60075000 r--p 00000000 103:04 3414425                   /usr/lib/jvm/java-11-openjdk-amd64/lib/libnio.so
7f8e60075000-7f8e6007d000 r-xp 00007000 103:04 3414425                   /usr/lib/jvm/java-11-openjdk-amd64/lib/libnio.so
7f8e6007d000-7f8e60080000 r--p 0000f000 103:04 3414425                   /usr/lib/jvm/java-11-openjdk-amd64/lib/libnio.so
7f8e60080000-7f8e60081000 r--p 00011000 103:04 3414425                   /usr/lib/jvm/java-11-openjdk-amd64/lib/libnio.so
7f8e60081000-7f8e60082000 rw-p 00012000 103:04 3414425                   /usr/lib/jvm/java-11-openjdk-amd64/lib/libnio.so
7f8e60082000-7f8e60086000 ---p 00000000 00:00 0 
7f8e60086000-7f8e60183000 rw-p 00000000 00:00 0 
7f8e60183000-7f8e60187000 ---p 00000000 00:00 0 
7f8e60187000-7f8e60284000 rw-p 00000000 00:00 0 
7f8e60284000-7f8e60288000 ---p 00000000 00:00 0 
7f8e60288000-7f8e60385000 rw-p 00000000 00:00 0 
7f8e60385000-7f8e60389000 ---p 00000000 00:00 0 
7f8e60389000-7f8e60486000 rw-p 00000000 00:00 0 
7f8e60486000-7f8e60487000 ---p 00000000 00:00 0 
7f8e60487000-7f8e60e8c000 rw-p 00000000 00:00 0 
7f8e60e8c000-7f8e60ece000 rw-p 00000000 00:00 0 
7f8e60ece000-7f8e60ecf000 ---p 00000000 00:00 0 
7f8e60ecf000-7f8e60fd0000 rw-p 00000000 00:00 0 
7f8e60fd0000-7f8e60fd1000 ---p 00000000 00:00 0 
7f8e60fd1000-7f8e614d6000 rw-p 00000000 00:00 0 
7f8e614d6000-7f8e614d7000 ---p 00000000 00:00 0 
7f8e614d7000-7f8e615d8000 rw-p 00000000 00:00 0 
7f8e615d8000-7f8e615d9000 ---p 00000000 00:00 0 
7f8e615d9000-7f8e61967000 rw-p 00000000 00:00 0 
7f8e61967000-7f8e62447000 ---p 00000000 00:00 0 
7f8e62447000-7f8e626b7000 rw-p 00000000 00:00 0 
7f8e626b7000-7f8e63197000 ---p 00000000 00:00 0 
7f8e63197000-7f8e631e5000 rw-p 00000000 00:00 0 
7f8e631e5000-7f8e63341000 ---p 00000000 00:00 0 
7f8e63341000-7f8e6338f000 rw-p 00000000 00:00 0 
7f8e6338f000-7f8e634eb000 ---p 00000000 00:00 0 
7f8e634eb000-7f8e63539000 rw-p 00000000 00:00 0 
7f8e63539000-7f8e63695000 ---p 00000000 00:00 0 
7f8e63695000-7f8e63a99000 rw-p 00000000 00:00 0 
7f8e63a99000-7f8e63a9a000 ---p 00000000 00:00 0 
7f8e63a9a000-7f8e63ba6000 rw-p 00000000 00:00 0 
7f8e63ba6000-7f8e63c86000 ---p 00000000 00:00 0 
7f8e63c86000-7f8e63cae000 rw-p 00000000 00:00 0 
7f8e63cae000-7f8e63d71000 ---p 00000000 00:00 0 
7f8e63d71000-7f8e63d74000 r--p 00000000 103:04 3025301                   /usr/lib/x86_64-linux-gnu/libnss_files-2.31.so
7f8e63d74000-7f8e63d7b000 r-xp 00003000 103:04 3025301                   /usr/lib/x86_64-linux-gnu/libnss_files-2.31.so
7f8e63d7b000-7f8e63d7d000 r--p 0000a000 103:04 3025301                   /usr/lib/x86_64-linux-gnu/libnss_files-2.31.so
7f8e63d7d000-7f8e63d7e000 r--p 0000b000 103:04 3025301                   /usr/lib/x86_64-linux-gnu/libnss_files-2.31.so
7f8e63d7e000-7f8e63d7f000 rw-p 0000c000 103:04 3025301                   /usr/lib/x86_64-linux-gnu/libnss_files-2.31.so
7f8e63d7f000-7f8e63d85000 rw-p 00000000 00:00 0 
7f8e63d85000-7f8e63d86000 r--p 00000000 103:04 3414406                   /usr/lib/jvm/java-11-openjdk-amd64/lib/libextnet.so
7f8e63d86000-7f8e63d87000 r-xp 00001000 103:04 3414406                   /usr/lib/jvm/java-11-openjdk-amd64/lib/libextnet.so
7f8e63d87000-7f8e63d88000 r--p 00002000 103:04 3414406                   /usr/lib/jvm/java-11-openjdk-amd64/lib/libextnet.so
7f8e63d88000-7f8e63d89000 r--p 00002000 103:04 3414406                   /usr/lib/jvm/java-11-openjdk-amd64/lib/libextnet.so
7f8e63d89000-7f8e63d8a000 rw-p 00003000 103:04 3414406                   /usr/lib/jvm/java-11-openjdk-amd64/lib/libextnet.so
7f8e63d8a000-7f8e63d8f000 rw-p 00000000 00:00 0 
7f8e63d8f000-7f8e63d96000 ---p 00000000 00:00 0 
7f8e63d96000-7f8e63d98000 r--p 00000000 103:04 3414433                   /usr/lib/jvm/java-11-openjdk-amd64/lib/libzip.so
7f8e63d98000-7f8e63d9c000 r-xp 00002000 103:04 3414433                   /usr/lib/jvm/java-11-openjdk-amd64/lib/libzip.so
7f8e63d9c000-7f8e63d9e000 r--p 00006000 103:04 3414433                   /usr/lib/jvm/java-11-openjdk-amd64/lib/libzip.so
7f8e63d9e000-7f8e63d9f000 r--p 00007000 103:04 3414433                   /usr/lib/jvm/java-11-openjdk-amd64/lib/libzip.so
7f8e63d9f000-7f8e63da0000 rw-p 00008000 103:04 3414433                   /usr/lib/jvm/java-11-openjdk-amd64/lib/libzip.so
7f8e63da0000-7f8e63da8000 rw-s 00000000 103:04 1843992                   /tmp/hsperfdata_olimiloolimilo/5978
7f8e63da8000-7f8e63db6000 r--p 00000000 103:04 3414413                   /usr/lib/jvm/java-11-openjdk-amd64/lib/libjava.so
7f8e63db6000-7f8e63dcc000 r-xp 0000e000 103:04 3414413                   /usr/lib/jvm/java-11-openjdk-amd64/lib/libjava.so
7f8e63dcc000-7f8e63dd3000 r--p 00024000 103:04 3414413                   /usr/lib/jvm/java-11-openjdk-amd64/lib/libjava.so
7f8e63dd3000-7f8e63dd4000 r--p 0002a000 103:04 3414413                   /usr/lib/jvm/java-11-openjdk-amd64/lib/libjava.so
7f8e63dd4000-7f8e63dd5000 rw-p 0002b000 103:04 3414413                   /usr/lib/jvm/java-11-openjdk-amd64/lib/libjava.so
7f8e63dd5000-7f8e63dd6000 rw-p 00000000 00:00 0 
7f8e63dd6000-7f8e63dd9000 r--p 00000000 103:04 3025766                   /usr/lib/x86_64-linux-gnu/librt-2.31.so
7f8e63dd9000-7f8e63ddd000 r-xp 00003000 103:04 3025766                   /usr/lib/x86_64-linux-gnu/librt-2.31.so
7f8e63ddd000-7f8e63dde000 r--p 00007000 103:04 3025766                   /usr/lib/x86_64-linux-gnu/librt-2.31.so
7f8e63dde000-7f8e63ddf000 ---p 00008000 103:04 3025766                   /usr/lib/x86_64-linux-gnu/librt-2.31.so
7f8e63ddf000-7f8e63de0000 r--p 00008000 103:04 3025766                   /usr/lib/x86_64-linux-gnu/librt-2.31.so
7f8e63de0000-7f8e63de1000 rw-p 00009000 103:04 3025766                   /usr/lib/x86_64-linux-gnu/librt-2.31.so
7f8e63de1000-7f8e63de5000 ---p 00000000 00:00 0 
7f8e63de5000-7f8e63ee2000 rw-p 00000000 00:00 0 
7f8e63ee2000-7f8e63ee5000 r--p 00000000 103:04 3018715                   /usr/lib/x86_64-linux-gnu/libgcc_s.so.1
7f8e63ee5000-7f8e63ef7000 r-xp 00003000 103:04 3018715                   /usr/lib/x86_64-linux-gnu/libgcc_s.so.1
7f8e63ef7000-7f8e63efb000 r--p 00015000 103:04 3018715                   /usr/lib/x86_64-linux-gnu/libgcc_s.so.1
7f8e63efb000-7f8e63efc000 r--p 00018000 103:04 3018715                   /usr/lib/x86_64-linux-gnu/libgcc_s.so.1
7f8e63efc000-7f8e63efd000 rw-p 00019000 103:04 3018715                   /usr/lib/x86_64-linux-gnu/libgcc_s.so.1
7f8e63efd000-7f8e63f0c000 r--p 00000000 103:04 3025074                   /usr/lib/x86_64-linux-gnu/libm-2.31.so
7f8e63f0c000-7f8e63fb3000 r-xp 0000f000 103:04 3025074                   /usr/lib/x86_64-linux-gnu/libm-2.31.so
7f8e63fb3000-7f8e6404a000 r--p 000b6000 103:04 3025074                   /usr/lib/x86_64-linux-gnu/libm-2.31.so
7f8e6404a000-7f8e6404b000 r--p 0014c000 103:04 3025074                   /usr/lib/x86_64-linux-gnu/libm-2.31.so
7f8e6404b000-7f8e6404c000 rw-p 0014d000 103:04 3025074                   /usr/lib/x86_64-linux-gnu/libm-2.31.so
7f8e6404c000-7f8e640e2000 r--p 00000000 103:04 3018615                   /usr/lib/x86_64-linux-gnu/libstdc++.so.6.0.28
7f8e640e2000-7f8e641d3000 r-xp 00096000 103:04 3018615                   /usr/lib/x86_64-linux-gnu/libstdc++.so.6.0.28
7f8e641d3000-7f8e6421c000 r--p 00187000 103:04 3018615                   /usr/lib/x86_64-linux-gnu/libstdc++.so.6.0.28
7f8e6421c000-7f8e6421d000 ---p 001d0000 103:04 3018615                   /usr/lib/x86_64-linux-gnu/libstdc++.so.6.0.28
7f8e6421d000-7f8e64228000 r--p 001d0000 103:04 3018615                   /usr/lib/x86_64-linux-gnu/libstdc++.so.6.0.28
7f8e64228000-7f8e6422b000 rw-p 001db000 103:04 3018615                   /usr/lib/x86_64-linux-gnu/libstdc++.so.6.0.28
7f8e6422b000-7f8e6422e000 rw-p 00000000 00:00 0 
7f8e6422e000-7f8e644a8000 r--p 00000000 103:04 3677096                   /usr/lib/jvm/java-11-openjdk-amd64/lib/server/libjvm.so
7f8e644a8000-7f8e6512d000 r-xp 0027a000 103:04 3677096                   /usr/lib/jvm/java-11-openjdk-amd64/lib/server/libjvm.so
7f8e6512d000-7f8e65384000 r--p 00eff000 103:04 3677096                   /usr/lib/jvm/java-11-openjdk-amd64/lib/server/libjvm.so
7f8e65384000-7f8e65445000 r--p 01155000 103:04 3677096                   /usr/lib/jvm/java-11-openjdk-amd64/lib/server/libjvm.so
7f8e65445000-7f8e65480000 rw-p 01216000 103:04 3677096                   /usr/lib/jvm/java-11-openjdk-amd64/lib/server/libjvm.so
7f8e65480000-7f8e654d9000 rw-p 00000000 00:00 0 
7f8e654d9000-7f8e654e0000 r--p 00000000 103:04 3025679                   /usr/lib/x86_64-linux-gnu/libpthread-2.31.so
7f8e654e0000-7f8e654f1000 r-xp 00007000 103:04 3025679                   /usr/lib/x86_64-linux-gnu/libpthread-2.31.so
7f8e654f1000-7f8e654f6000 r--p 00018000 103:04 3025679                   /usr/lib/x86_64-linux-gnu/libpthread-2.31.so
7f8e654f6000-7f8e654f7000 r--p 0001c000 103:04 3025679                   /usr/lib/x86_64-linux-gnu/libpthread-2.31.so
7f8e654f7000-7f8e654f8000 rw-p 0001d000 103:04 3025679                   /usr/lib/x86_64-linux-gnu/libpthread-2.31.so
7f8e654f8000-7f8e654fc000 rw-p 00000000 00:00 0 
7f8e654fc000-7f8e654fd000 r--p 00000000 103:04 3024232                   /usr/lib/x86_64-linux-gnu/libdl-2.31.so
7f8e654fd000-7f8e654ff000 r-xp 00001000 103:04 3024232                   /usr/lib/x86_64-linux-gnu/libdl-2.31.so
7f8e654ff000-7f8e65500000 r--p 00003000 103:04 3024232                   /usr/lib/x86_64-linux-gnu/libdl-2.31.so
7f8e65500000-7f8e65501000 r--p 00003000 103:04 3024232                   /usr/lib/x86_64-linux-gnu/libdl-2.31.so
7f8e65501000-7f8e65502000 rw-p 00004000 103:04 3024232                   /usr/lib/x86_64-linux-gnu/libdl-2.31.so
7f8e65502000-7f8e65504000 r--p 00000000 103:04 3026518                   /usr/lib/x86_64-linux-gnu/libz.so.1.2.11
7f8e65504000-7f8e65515000 r-xp 00002000 103:04 3026518                   /usr/lib/x86_64-linux-gnu/libz.so.1.2.11
7f8e65515000-7f8e6551b000 r--p 00013000 103:04 3026518                   /usr/lib/x86_64-linux-gnu/libz.so.1.2.11
7f8e6551b000-7f8e6551c000 ---p 00019000 103:04 3026518                   /usr/lib/x86_64-linux-gnu/libz.so.1.2.11
7f8e6551c000-7f8e6551d000 r--p 00019000 103:04 3026518                   /usr/lib/x86_64-linux-gnu/libz.so.1.2.11
7f8e6551d000-7f8e6551e000 rw-p 0001a000 103:04 3026518                   /usr/lib/x86_64-linux-gnu/libz.so.1.2.11
7f8e6551e000-7f8e65543000 r--p 00000000 103:04 3024006                   /usr/lib/x86_64-linux-gnu/libc-2.31.so
7f8e65543000-7f8e656bb000 r-xp 00025000 103:04 3024006                   /usr/lib/x86_64-linux-gnu/libc-2.31.so
7f8e656bb000-7f8e65705000 r--p 0019d000 103:04 3024006                   /usr/lib/x86_64-linux-gnu/libc-2.31.so
7f8e65705000-7f8e65706000 ---p 001e7000 103:04 3024006                   /usr/lib/x86_64-linux-gnu/libc-2.31.so
7f8e65706000-7f8e65709000 r--p 001e7000 103:04 3024006                   /usr/lib/x86_64-linux-gnu/libc-2.31.so
7f8e65709000-7f8e6570c000 rw-p 001ea000 103:04 3024006                   /usr/lib/x86_64-linux-gnu/libc-2.31.so
7f8e6570c000-7f8e65710000 rw-p 00000000 00:00 0 
7f8e65714000-7f8e65716000 r--s 0000c000 103:04 4328441                   /usr/share/java/java-atk-wrapper.jar
7f8e65716000-7f8e65717000 ---p 00000000 00:00 0 
7f8e65717000-7f8e65718000 r--p 00000000 00:00 0 
7f8e65718000-7f8e6571a000 r--p 00000000 103:04 3414416                   /usr/lib/jvm/java-11-openjdk-amd64/lib/libjimage.so
7f8e6571a000-7f8e6571d000 r-xp 00002000 103:04 3414416                   /usr/lib/jvm/java-11-openjdk-amd64/lib/libjimage.so
7f8e6571d000-7f8e6571e000 r--p 00005000 103:04 3414416                   /usr/lib/jvm/java-11-openjdk-amd64/lib/libjimage.so
7f8e6571e000-7f8e6571f000 ---p 00006000 103:04 3414416                   /usr/lib/jvm/java-11-openjdk-amd64/lib/libjimage.so
7f8e6571f000-7f8e65720000 r--p 00006000 103:04 3414416                   /usr/lib/jvm/java-11-openjdk-amd64/lib/libjimage.so
7f8e65720000-7f8e65721000 rw-p 00007000 103:04 3414416                   /usr/lib/jvm/java-11-openjdk-amd64/lib/libjimage.so
7f8e65721000-7f8e65726000 r--p 00000000 103:04 3414432                   /usr/lib/jvm/java-11-openjdk-amd64/lib/libverify.so
7f8e65726000-7f8e6572d000 r-xp 00005000 103:04 3414432                   /usr/lib/jvm/java-11-openjdk-amd64/lib/libverify.so
7f8e6572d000-7f8e6572f000 r--p 0000c000 103:04 3414432                   /usr/lib/jvm/java-11-openjdk-amd64/lib/libverify.so
7f8e6572f000-7f8e65730000 ---p 0000e000 103:04 3414432                   /usr/lib/jvm/java-11-openjdk-amd64/lib/libverify.so
7f8e65730000-7f8e65732000 r--p 0000e000 103:04 3414432                   /usr/lib/jvm/java-11-openjdk-amd64/lib/libverify.so
7f8e65732000-7f8e65733000 rw-p 00010000 103:04 3414432                   /usr/lib/jvm/java-11-openjdk-amd64/lib/libverify.so
7f8e65733000-7f8e65736000 r--p 00000000 103:04 3677091                   /usr/lib/jvm/java-11-openjdk-amd64/lib/jli/libjli.so
7f8e65736000-7f8e65740000 r-xp 00003000 103:04 3677091                   /usr/lib/jvm/java-11-openjdk-amd64/lib/jli/libjli.so
7f8e65740000-7f8e65743000 r--p 0000d000 103:04 3677091                   /usr/lib/jvm/java-11-openjdk-amd64/lib/jli/libjli.so
7f8e65743000-7f8e65744000 ---p 00010000 103:04 3677091                   /usr/lib/jvm/java-11-openjdk-amd64/lib/jli/libjli.so
7f8e65744000-7f8e65745000 r--p 00010000 103:04 3677091                   /usr/lib/jvm/java-11-openjdk-amd64/lib/jli/libjli.so
7f8e65745000-7f8e65746000 rw-p 00011000 103:04 3677091                   /usr/lib/jvm/java-11-openjdk-amd64/lib/jli/libjli.so
7f8e65746000-7f8e65748000 rw-p 00000000 00:00 0 
7f8e65748000-7f8e65749000 r--p 00000000 103:04 3023398                   /usr/lib/x86_64-linux-gnu/ld-2.31.so
7f8e65749000-7f8e6576c000 r-xp 00001000 103:04 3023398                   /usr/lib/x86_64-linux-gnu/ld-2.31.so
7f8e6576c000-7f8e65774000 r--p 00024000 103:04 3023398                   /usr/lib/x86_64-linux-gnu/ld-2.31.so
7f8e65775000-7f8e65776000 r--p 0002c000 103:04 3023398                   /usr/lib/x86_64-linux-gnu/ld-2.31.so
7f8e65776000-7f8e65777000 rw-p 0002d000 103:04 3023398                   /usr/lib/x86_64-linux-gnu/ld-2.31.so
7f8e65777000-7f8e65778000 rw-p 00000000 00:00 0 
7fff42fc7000-7fff42fe8000 rw-p 00000000 00:00 0                          [stack]
7fff42ff4000-7fff42ff8000 r--p 00000000 00:00 0                          [vvar]
7fff42ff8000-7fff42ffa000 r-xp 00000000 00:00 0                          [vdso]
ffffffffff600000-ffffffffff601000 --xp 00000000 00:00 0                  [vsyscall]


VM Arguments:
jvm_args: -Dclassworlds.conf=/usr/share/maven/bin/m2.conf -Dmaven.home=/usr/share/maven -Dlibrary.jansi.path=/usr/share/maven/lib/jansi-native -Dmaven.multiModuleProjectDirectory=/home/olimiloolimilo/CODING/SEPT/SEPT_MAJ/group_project 
java_command: org.codehaus.plexus.classworlds.launcher.Launcher jetty:run
java_class_path (initial): /usr/share/maven/boot/plexus-classworlds-2.x.jar
Launcher Type: SUN_STANDARD

[Global flags]
     intx CICompilerCount                          = 3                                         {product} {ergonomic}
     uint ConcGCThreads                            = 1                                         {product} {ergonomic}
     uint G1ConcRefinementThreads                  = 4                                         {product} {ergonomic}
   size_t G1HeapRegionSize                         = 1048576                                   {product} {ergonomic}
    uintx GCDrainStackTargetSize                   = 64                                        {product} {ergonomic}
   size_t InitialHeapSize                          = 56623104                                  {product} {ergonomic}
   size_t MarkStackSize                            = 4194304                                   {product} {ergonomic}
   size_t MaxHeapSize                              = 893386752                                 {product} {ergonomic}
   size_t MaxNewSize                               = 535822336                                 {product} {ergonomic}
   size_t MinHeapDeltaBytes                        = 1048576                                   {product} {ergonomic}
    uintx NonNMethodCodeHeapSize                   = 5830732                                {pd product} {ergonomic}
    uintx NonProfiledCodeHeapSize                  = 122913754                              {pd product} {ergonomic}
    uintx ProfiledCodeHeapSize                     = 122913754                              {pd product} {ergonomic}
    uintx ReservedCodeCacheSize                    = 251658240                              {pd product} {ergonomic}
     bool SegmentedCodeCache                       = true                                      {product} {ergonomic}
     bool UseCompressedClassPointers               = true                                 {lp64_product} {ergonomic}
     bool UseCompressedOops                        = true                                 {lp64_product} {ergonomic}
     bool UseG1GC                                  = true                                      {product} {ergonomic}

Logging:
Log output configuration:
 #0: stdout all=warning uptime,level,tags
 #1: stderr all=off uptime,level,tags

Environment Variables:
PATH=/home/olimiloolimilo/.local/bin:/usr/local/sbin:/usr/local/bin:/usr/sbin:/usr/bin:/sbin:/bin:/usr/games:/usr/local/games:/snap/bin
SHELL=/bin/bash
DISPLAY=:0.0
LANG=en_US.UTF-8

Signal Handlers:
SIGSEGV: [libjvm.so+0xe8ba00], sa_mask[0]=11111111011111111101111111111110, sa_flags=SA_RESTART|SA_SIGINFO
SIGBUS: [libjvm.so+0xe8ba00], sa_mask[0]=11111111011111111101111111111110, sa_flags=SA_RESTART|SA_SIGINFO
SIGFPE: [libjvm.so+0xe8ba00], sa_mask[0]=11111111011111111101111111111110, sa_flags=SA_RESTART|SA_SIGINFO
SIGPIPE: [libjvm.so+0xbd10f0], sa_mask[0]=11111111011111111101111111111110, sa_flags=SA_RESTART|SA_SIGINFO
SIGXFSZ: [libjvm.so+0xbd10f0], sa_mask[0]=11111111011111111101111111111110, sa_flags=SA_RESTART|SA_SIGINFO
SIGILL: [libjvm.so+0xe8ba00], sa_mask[0]=11111111011111111101111111111110, sa_flags=SA_RESTART|SA_SIGINFO
SIGUSR2: [libjvm.so+0xbd0f90], sa_mask[0]=00000000000000000000000000000000, sa_flags=SA_RESTART|SA_SIGINFO
SIGHUP: [libjvm.so+0xbd1430], sa_mask[0]=11111111011111111101111111111110, sa_flags=SA_RESTART|SA_SIGINFO
SIGINT: [libjvm.so+0xbd1430], sa_mask[0]=11111111011111111101111111111110, sa_flags=SA_RESTART|SA_SIGINFO
SIGTERM: [libjvm.so+0xbd1430], sa_mask[0]=11111111011111111101111111111110, sa_flags=SA_RESTART|SA_SIGINFO
SIGQUIT: [libjvm.so+0xbd1430], sa_mask[0]=11111111011111111101111111111110, sa_flags=SA_RESTART|SA_SIGINFO


---------------  S Y S T E M  ---------------

OS:DISTRIB_ID=Ubuntu
DISTRIB_RELEASE=20.04
DISTRIB_CODENAME=focal
DISTRIB_DESCRIPTION="Ubuntu 20.04.2 LTS"
uname:Linux 5.11.0-34-lowlatency #36~20.04.1-Ubuntu SMP PREEMPT Fri Aug 27 09:17:59 UTC 2021 x86_64
OS uptime: 0 days 13:37 hours
libc:glibc 2.31 NPTL 2.31 
rlimit (soft/hard): STACK 9788k/infinity , CORE 0k/infinity , NPROC 13132/13132 , NOFILE 1048576/1048576 , AS infinity/infinity , CPU infinity/infinity , DATA infinity/infinity , FSIZE infinity/infinity , MEMLOCK infinity/infinity
load average:13.98 4.78 2.03

/proc/meminfo:
MemTotal:        3486912 kB
MemFree:         1262744 kB
MemAvailable:    1354112 kB
Buffers:           14504 kB
Cached:           318944 kB
SwapCached:        15964 kB
Active:           473692 kB
Inactive:         701260 kB
Active(anon):     434024 kB
Inactive(anon):   474804 kB
Active(file):      39668 kB
Inactive(file):   226456 kB
Unevictable:          32 kB
Mlocked:              32 kB
SwapTotal:       2097148 kB
SwapFree:          31912 kB
Dirty:               580 kB
Writeback:           116 kB
AnonPages:        826296 kB
Mapped:           224964 kB
Shmem:             67204 kB
KReclaimable:      51716 kB
Slab:             170264 kB
SReclaimable:      51716 kB
SUnreclaim:       118548 kB
KernelStack:       17520 kB
PageTables:        39820 kB
NFS_Unstable:          0 kB
Bounce:                0 kB
WritebackTmp:          0 kB
CommitLimit:     3840604 kB
Committed_AS:    9579532 kB
VmallocTotal:   34359738367 kB
VmallocUsed:      126700 kB
VmallocChunk:          0 kB
Percpu:            14784 kB
HardwareCorrupted:     0 kB
AnonHugePages:         0 kB
ShmemHugePages:        0 kB
ShmemPmdMapped:        0 kB
FileHugePages:         0 kB
FilePmdMapped:         0 kB
HugePages_Total:       0
HugePages_Free:        0
HugePages_Rsvd:        0
HugePages_Surp:        0
Hugepagesize:       2048 kB
Hugetlb:               0 kB
DirectMap4k:     1665436 kB
DirectMap2M:     1918976 kB
DirectMap1G:           0 kB

/sys/kernel/mm/transparent_hugepage/enabled:
always [madvise] never
/sys/kernel/mm/transparent_hugepage/defrag (defrag/compaction efforts parameter):
always defer defer+madvise [madvise] never

Process Memory:
Virtual Size: 4416304K (peak: 4416304K)
Resident Set Size: 11968K (peak: 453816K) (anon: 7280K, file: 4688K, shmem: 0K)
Swapped out: 418024K

[error occurred during error reporting (printing OS information), id 0xb, SIGSEGV (0xb) at pc=0x00007f8e655b62b0]

CPU:total 4 (initial active 4) (4 cores per cpu, 2 threads per core) family 23 model 24 stepping 1 microcode 0x8108109, cmov, cx8, fxsr, mmx, sse, sse2, sse3, ssse3, sse4.1, sse4.2, popcnt, avx, avx2, aes, clmul, mmxext, 3dnowpref, lzcnt, sse4a, ht, tsc, tscinvbit, tscinv, bmi1, bmi2, 
CPU Model and flags from /proc/cpuinfo:
model name	: AMD Ryzen 3 3250U with Radeon Graphics
flags		: fpu vme de pse tsc msr pae mce cx8 apic sep mtrr pge mca cmov pat pse36 clflush mmx fxsr sse sse2 ht syscall nx mmxext fxsr_opt pdpe1gb rdtscp lm constant_tsc rep_good nopl nonstop_tsc cpuid extd_apicid aperfmperf pni pclmulqdq monitor ssse3 fma cx16 sse4_1 sse4_2 movbe popcnt aes xsave avx f16c rdrand lahf_lm cmp_legacy svm extapic cr8_legacy abm sse4a misalignsse 3dnowprefetch osvw skinit wdt tce topoext perfctr_core perfctr_nb bpext perfctr_llc mwaitx cpb hw_pstate sme ssbd sev ibpb vmmcall sev_es fsgsbase bmi1 avx2 smep bmi2 rdseed adx smap clflushopt sha_ni xsaveopt xsavec xgetbv1 xsaves clzero irperf xsaveerptr arat npt lbrv svm_lock nrip_save tsc_scale vmcb_clean flushbyasid decodeassists pausefilter pfthreshold avic v_vmsave_vmload vgif overflow_recov succor smca
Online cpus:
0-3
Offline cpus:
4-15
BIOS frequency limitation:
2600000
Frequency switch latency (ns):
0
Available cpu frequencies:
2600000 1700000 1400000 
Current governor:
ondemand
Core performance/turbo boost:
1

Memory: 4k page, physical 3486912k(1261204k free), swap 2097148k(33480k free)

vm_info: OpenJDK 64-Bit Server VM (11.0.11+9-Ubuntu-0ubuntu2.20.04) for linux-amd64 JRE (11.0.11+9-Ubuntu-0ubuntu2.20.04), built on Apr 21 2021 09:15:32 by "unknown" with gcc 9.3.0

END.
